/usr/lib/python3.5/importlib/_bootstrap.py:222: RuntimeWarning: numpy.dtype size changed, may indicate binary incompatibility. Expected 96, got 88
  return f(*args, **kwds)
/usr/lib/python3.5/importlib/_bootstrap.py:222: RuntimeWarning: numpy.dtype size changed, may indicate binary incompatibility. Expected 96, got 88
  return f(*args, **kwds)
Not Found: /
[21/Aug/2018 06:20:50] "GET / HTTP/1.0" 404 2048
Not Found: /favicon.ico
[21/Aug/2018 06:20:50] "GET /favicon.ico HTTP/1.0" 404 2099
[21/Aug/2018 06:20:53] "GET /admin HTTP/1.0" 301 0
[21/Aug/2018 06:20:54] "GET /admin/ HTTP/1.0" 302 0
[21/Aug/2018 06:20:54] "GET /admin/login/?next=/admin/ HTTP/1.0" 200 1819
[21/Aug/2018 06:20:55] "GET /static/admin/css/base.css HTTP/1.0" 200 16225
[21/Aug/2018 06:20:55] "GET /static/admin/css/responsive.css HTTP/1.0" 200 17976
[21/Aug/2018 06:20:55] "GET /static/admin/css/login.css HTTP/1.0" 200 1203
[21/Aug/2018 06:20:56] "GET /static/admin/css/fonts.css HTTP/1.0" 200 423
[21/Aug/2018 06:20:57] "GET /static/admin/fonts/Roboto-Regular-webfont.woff HTTP/1.0" 200 80304
[21/Aug/2018 06:20:57] "GET /static/admin/fonts/Roboto-Light-webfont.woff HTTP/1.0" 200 81348
[21/Aug/2018 06:21:00] "POST /admin/login/?next=/admin/ HTTP/1.0" 200 1980
[21/Aug/2018 06:21:00] "GET /static/admin/fonts/Roboto-Bold-webfont.woff HTTP/1.0" 200 82564
[21/Aug/2018 06:21:02] "GET /admin/login/?next=/admin/ HTTP/1.0" 200 1819
[21/Aug/2018 06:21:07] "GET /dashboard/ HTTP/1.0" 200 970374
[21/Aug/2018 06:21:07] "GET /static/global_assets/js/demo_pages/dashboard.js HTTP/1.0" 404 1750
[21/Aug/2018 06:21:07] "GET /static/assets/js/app.js HTTP/1.0" 404 1678
/usr/lib/python3.5/importlib/_bootstrap.py:222: RuntimeWarning: numpy.dtype size changed, may indicate binary incompatibility. Expected 96, got 88
  return f(*args, **kwds)
/usr/lib/python3.5/importlib/_bootstrap.py:222: RuntimeWarning: numpy.dtype size changed, may indicate binary incompatibility. Expected 96, got 88
  return f(*args, **kwds)
Not Found: /
[21/Aug/2018 06:33:18] "GET / HTTP/1.0" 404 2048
[21/Aug/2018 06:33:22] "GET /dashboard/ HTTP/1.0" 200 970374
[21/Aug/2018 06:33:23] "GET /static/assets/js/app.js HTTP/1.0" 404 1678
[21/Aug/2018 06:33:23] "GET /static/global_assets/js/demo_pages/dashboard.js HTTP/1.0" 404 1750
