Downloading historic data
Total Rows: 19
total data points: 0
Got Exception - No objects to concatenate
Downloading live data
Downloading live data
Total Rows: 1043
Total Rows: 1043
Downloading cdr.00012301.0000000000000000.20180822.094703637.SPPHLZNP6905_20180822_0945_csv.zip
Downloading cdr.00012301.0000000000000000.20180822.094703637.SPPHLZNP6905_20180822_0945_csv.zip
Removed /home/warproxxx/Desktop/Projects/Energy-Prediction/algorithm/data/live/cdr.00012301.0000000000000000.20180822.094703637.SPPHLZNP6905_20180822_0945_csv.zip
Removed /home/warproxxx/Desktop/Projects/Energy-Prediction/algorithm/data/live/cdr.00012301.0000000000000000.20180822.094703637.SPPHLZNP6905_20180822_0945_csv.zip
Downloading cdr.00012301.0000000000000000.20180822.094703637.SPPHLZNP6905_20180822_0945_csv.zip
Downloading cdr.00012301.0000000000000000.20180822.094703637.SPPHLZNP6905_20180822_0945_csv.zip
Removed /home/warproxxx/Desktop/Projects/Energy-Prediction/algorithm/data/live/cdr.00012301.0000000000000000.20180822.094703637.SPPHLZNP6905_20180822_0945_csv.zip
Removed /home/warproxxx/Desktop/Projects/Energy-Prediction/algorithm/data/live/cdr.00012301.0000000000000000.20180822.094703637.SPPHLZNP6905_20180822_0945_csv.zip
Downloading cdr.00012301.0000000000000000.20180822.093203983.SPPHLZNP6905_20180822_0930_csv.zip
Downloading cdr.00012301.0000000000000000.20180822.093203983.SPPHLZNP6905_20180822_0930_csv.zip
Removed /home/warproxxx/Desktop/Projects/Energy-Prediction/algorithm/data/live/cdr.00012301.0000000000000000.20180822.093203983.SPPHLZNP6905_20180822_0930_csv.zip
Removed /home/warproxxx/Desktop/Projects/Energy-Prediction/algorithm/data/live/cdr.00012301.0000000000000000.20180822.093203983.SPPHLZNP6905_20180822_0930_csv.zip
Downloading cdr.00012301.0000000000000000.20180822.091704244.SPPHLZNP6905_20180822_0915_csv.zip
Downloading cdr.00012301.0000000000000000.20180822.091704244.SPPHLZNP6905_20180822_0915_csv.zip
Removed /home/warproxxx/Desktop/Projects/Energy-Prediction/algorithm/data/live/cdr.00012301.0000000000000000.20180822.091704244.SPPHLZNP6905_20180822_0915_csv.zip
Removed /home/warproxxx/Desktop/Projects/Energy-Prediction/algorithm/data/live/cdr.00012301.0000000000000000.20180822.091704244.SPPHLZNP6905_20180822_0915_csv.zip
Downloading cdr.00012301.0000000000000000.20180822.090203644.SPPHLZNP6905_20180822_0900_csv.zip
Downloading cdr.00012301.0000000000000000.20180822.090203644.SPPHLZNP6905_20180822_0900_csv.zip
Removed /home/warproxxx/Desktop/Projects/Energy-Prediction/algorithm/data/live/cdr.00012301.0000000000000000.20180822.090203644.SPPHLZNP6905_20180822_0900_csv.zip
Removed /home/warproxxx/Desktop/Projects/Energy-Prediction/algorithm/data/live/cdr.00012301.0000000000000000.20180822.090203644.SPPHLZNP6905_20180822_0900_csv.zip
Downloading cdr.00012301.0000000000000000.20180822.084703548.SPPHLZNP6905_20180822_0845_csv.zip
Downloading cdr.00012301.0000000000000000.20180822.084703548.SPPHLZNP6905_20180822_0845_csv.zip
Removed /home/warproxxx/Desktop/Projects/Energy-Prediction/algorithm/data/live/cdr.00012301.0000000000000000.20180822.084703548.SPPHLZNP6905_20180822_0845_csv.zip
Removed /home/warproxxx/Desktop/Projects/Energy-Prediction/algorithm/data/live/cdr.00012301.0000000000000000.20180822.084703548.SPPHLZNP6905_20180822_0845_csv.zip
Downloading cdr.00012301.0000000000000000.20180822.083206283.SPPHLZNP6905_20180822_0830_csv.zip
Downloading cdr.00012301.0000000000000000.20180822.083206283.SPPHLZNP6905_20180822_0830_csv.zip
Removed /home/warproxxx/Desktop/Projects/Energy-Prediction/algorithm/data/live/cdr.00012301.0000000000000000.20180822.083206283.SPPHLZNP6905_20180822_0830_csv.zip
Removed /home/warproxxx/Desktop/Projects/Energy-Prediction/algorithm/data/live/cdr.00012301.0000000000000000.20180822.083206283.SPPHLZNP6905_20180822_0830_csv.zip
Downloading cdr.00012301.0000000000000000.20180822.081703996.SPPHLZNP6905_20180822_0815_csv.zip
Downloading cdr.00012301.0000000000000000.20180822.081703996.SPPHLZNP6905_20180822_0815_csv.zip
Removed /home/warproxxx/Desktop/Projects/Energy-Prediction/algorithm/data/live/cdr.00012301.0000000000000000.20180822.081703996.SPPHLZNP6905_20180822_0815_csv.zip
Removed /home/warproxxx/Desktop/Projects/Energy-Prediction/algorithm/data/live/cdr.00012301.0000000000000000.20180822.081703996.SPPHLZNP6905_20180822_0815_csv.zip
Downloading cdr.00012301.0000000000000000.20180822.080205881.SPPHLZNP6905_20180822_0800_csv.zip
Downloading cdr.00012301.0000000000000000.20180822.080205881.SPPHLZNP6905_20180822_0800_csv.zip
Removed /home/warproxxx/Desktop/Projects/Energy-Prediction/algorithm/data/live/cdr.00012301.0000000000000000.20180822.080205881.SPPHLZNP6905_20180822_0800_csv.zip
Removed /home/warproxxx/Desktop/Projects/Energy-Prediction/algorithm/data/live/cdr.00012301.0000000000000000.20180822.080205881.SPPHLZNP6905_20180822_0800_csv.zip
Downloading cdr.00012301.0000000000000000.20180822.074703683.SPPHLZNP6905_20180822_0745_csv.zip
Downloading cdr.00012301.0000000000000000.20180822.074703683.SPPHLZNP6905_20180822_0745_csv.zip
Removed /home/warproxxx/Desktop/Projects/Energy-Prediction/algorithm/data/live/cdr.00012301.0000000000000000.20180822.074703683.SPPHLZNP6905_20180822_0745_csv.zip
Removed /home/warproxxx/Desktop/Projects/Energy-Prediction/algorithm/data/live/cdr.00012301.0000000000000000.20180822.074703683.SPPHLZNP6905_20180822_0745_csv.zip
Downloading cdr.00012301.0000000000000000.20180822.073203758.SPPHLZNP6905_20180822_0730_csv.zip
Downloading cdr.00012301.0000000000000000.20180822.073203758.SPPHLZNP6905_20180822_0730_csv.zip
Removed /home/warproxxx/Desktop/Projects/Energy-Prediction/algorithm/data/live/cdr.00012301.0000000000000000.20180822.073203758.SPPHLZNP6905_20180822_0730_csv.zip
Removed /home/warproxxx/Desktop/Projects/Energy-Prediction/algorithm/data/live/cdr.00012301.0000000000000000.20180822.073203758.SPPHLZNP6905_20180822_0730_csv.zip
Downloading cdr.00012301.0000000000000000.20180822.071703769.SPPHLZNP6905_20180822_0715_csv.zip
Downloading cdr.00012301.0000000000000000.20180822.071703769.SPPHLZNP6905_20180822_0715_csv.zip
Removed /home/warproxxx/Desktop/Projects/Energy-Prediction/algorithm/data/live/cdr.00012301.0000000000000000.20180822.071703769.SPPHLZNP6905_20180822_0715_csv.zip
Removed /home/warproxxx/Desktop/Projects/Energy-Prediction/algorithm/data/live/cdr.00012301.0000000000000000.20180822.071703769.SPPHLZNP6905_20180822_0715_csv.zip
Downloading cdr.00012301.0000000000000000.20180822.070204381.SPPHLZNP6905_20180822_0700_csv.zip
Downloading cdr.00012301.0000000000000000.20180822.070204381.SPPHLZNP6905_20180822_0700_csv.zip
Removed /home/warproxxx/Desktop/Projects/Energy-Prediction/algorithm/data/live/cdr.00012301.0000000000000000.20180822.070204381.SPPHLZNP6905_20180822_0700_csv.zip
Removed /home/warproxxx/Desktop/Projects/Energy-Prediction/algorithm/data/live/cdr.00012301.0000000000000000.20180822.070204381.SPPHLZNP6905_20180822_0700_csv.zip
Downloading cdr.00012301.0000000000000000.20180822.064704009.SPPHLZNP6905_20180822_0645_csv.zip
Downloading cdr.00012301.0000000000000000.20180822.064704009.SPPHLZNP6905_20180822_0645_csv.zip
Removed /home/warproxxx/Desktop/Projects/Energy-Prediction/algorithm/data/live/cdr.00012301.0000000000000000.20180822.064704009.SPPHLZNP6905_20180822_0645_csv.zip
Removed /home/warproxxx/Desktop/Projects/Energy-Prediction/algorithm/data/live/cdr.00012301.0000000000000000.20180822.064704009.SPPHLZNP6905_20180822_0645_csv.zip
Downloading cdr.00012301.0000000000000000.20180822.063203216.SPPHLZNP6905_20180822_0630_csv.zip
Downloading cdr.00012301.0000000000000000.20180822.063203216.SPPHLZNP6905_20180822_0630_csv.zip
Removed /home/warproxxx/Desktop/Projects/Energy-Prediction/algorithm/data/live/cdr.00012301.0000000000000000.20180822.063203216.SPPHLZNP6905_20180822_0630_csv.zip
Removed /home/warproxxx/Desktop/Projects/Energy-Prediction/algorithm/data/live/cdr.00012301.0000000000000000.20180822.063203216.SPPHLZNP6905_20180822_0630_csv.zip
Downloading cdr.00012301.0000000000000000.20180822.061705146.SPPHLZNP6905_20180822_0615_csv.zip
Downloading cdr.00012301.0000000000000000.20180822.061705146.SPPHLZNP6905_20180822_0615_csv.zip
Removed /home/warproxxx/Desktop/Projects/Energy-Prediction/algorithm/data/live/cdr.00012301.0000000000000000.20180822.061705146.SPPHLZNP6905_20180822_0615_csv.zip
Removed /home/warproxxx/Desktop/Projects/Energy-Prediction/algorithm/data/live/cdr.00012301.0000000000000000.20180822.061705146.SPPHLZNP6905_20180822_0615_csv.zip
Downloading cdr.00012301.0000000000000000.20180822.060203995.SPPHLZNP6905_20180822_0600_csv.zip
Downloading cdr.00012301.0000000000000000.20180822.060203995.SPPHLZNP6905_20180822_0600_csv.zip
Removed /home/warproxxx/Desktop/Projects/Energy-Prediction/algorithm/data/live/cdr.00012301.0000000000000000.20180822.060203995.SPPHLZNP6905_20180822_0600_csv.zip
Removed /home/warproxxx/Desktop/Projects/Energy-Prediction/algorithm/data/live/cdr.00012301.0000000000000000.20180822.060203995.SPPHLZNP6905_20180822_0600_csv.zip
Downloading cdr.00012301.0000000000000000.20180822.054703514.SPPHLZNP6905_20180822_0545_csv.zip
Downloading cdr.00012301.0000000000000000.20180822.054703514.SPPHLZNP6905_20180822_0545_csv.zip
Removed /home/warproxxx/Desktop/Projects/Energy-Prediction/algorithm/data/live/cdr.00012301.0000000000000000.20180822.054703514.SPPHLZNP6905_20180822_0545_csv.zip
Removed /home/warproxxx/Desktop/Projects/Energy-Prediction/algorithm/data/live/cdr.00012301.0000000000000000.20180822.054703514.SPPHLZNP6905_20180822_0545_csv.zip
Downloading cdr.00012301.0000000000000000.20180822.053203501.SPPHLZNP6905_20180822_0530_csv.zip
Downloading cdr.00012301.0000000000000000.20180822.053203501.SPPHLZNP6905_20180822_0530_csv.zip
Removed /home/warproxxx/Desktop/Projects/Energy-Prediction/algorithm/data/live/cdr.00012301.0000000000000000.20180822.053203501.SPPHLZNP6905_20180822_0530_csv.zip
Removed /home/warproxxx/Desktop/Projects/Energy-Prediction/algorithm/data/live/cdr.00012301.0000000000000000.20180822.053203501.SPPHLZNP6905_20180822_0530_csv.zip
Downloading cdr.00012301.0000000000000000.20180822.051703771.SPPHLZNP6905_20180822_0515_csv.zip
Downloading cdr.00012301.0000000000000000.20180822.051703771.SPPHLZNP6905_20180822_0515_csv.zip
Removed /home/warproxxx/Desktop/Projects/Energy-Prediction/algorithm/data/live/cdr.00012301.0000000000000000.20180822.051703771.SPPHLZNP6905_20180822_0515_csv.zip
Removed /home/warproxxx/Desktop/Projects/Energy-Prediction/algorithm/data/live/cdr.00012301.0000000000000000.20180822.051703771.SPPHLZNP6905_20180822_0515_csv.zip
Downloading cdr.00012301.0000000000000000.20180822.050204277.SPPHLZNP6905_20180822_0500_csv.zip
Downloading cdr.00012301.0000000000000000.20180822.050204277.SPPHLZNP6905_20180822_0500_csv.zip
Removed /home/warproxxx/Desktop/Projects/Energy-Prediction/algorithm/data/live/cdr.00012301.0000000000000000.20180822.050204277.SPPHLZNP6905_20180822_0500_csv.zip
Removed /home/warproxxx/Desktop/Projects/Energy-Prediction/algorithm/data/live/cdr.00012301.0000000000000000.20180822.050204277.SPPHLZNP6905_20180822_0500_csv.zip
Downloading cdr.00012301.0000000000000000.20180822.044703413.SPPHLZNP6905_20180822_0445_csv.zip
Downloading cdr.00012301.0000000000000000.20180822.044703413.SPPHLZNP6905_20180822_0445_csv.zip
Removed /home/warproxxx/Desktop/Projects/Energy-Prediction/algorithm/data/live/cdr.00012301.0000000000000000.20180822.044703413.SPPHLZNP6905_20180822_0445_csv.zip
Removed /home/warproxxx/Desktop/Projects/Energy-Prediction/algorithm/data/live/cdr.00012301.0000000000000000.20180822.044703413.SPPHLZNP6905_20180822_0445_csv.zip
total data points: 14278
total data points: 14278
Saved to /home/warproxxx/Desktop/Projects/Energy-Prediction/algorithm/data/live/HB_BUSAVG.csv
Saved to /home/warproxxx/Desktop/Projects/Energy-Prediction/algorithm/data/live/HB_BUSAVG.csv
Saved to /home/warproxxx/Desktop/Projects/Energy-Prediction/algorithm/data/live/HB_HOUSTON.csv
Saved to /home/warproxxx/Desktop/Projects/Energy-Prediction/algorithm/data/live/HB_HOUSTON.csv
Saved to /home/warproxxx/Desktop/Projects/Energy-Prediction/algorithm/data/live/HB_HUBAVG.csv
Saved to /home/warproxxx/Desktop/Projects/Energy-Prediction/algorithm/data/live/HB_HUBAVG.csv
Saved to /home/warproxxx/Desktop/Projects/Energy-Prediction/algorithm/data/live/HB_NORTH.csv
Saved to /home/warproxxx/Desktop/Projects/Energy-Prediction/algorithm/data/live/HB_NORTH.csv
Saved to /home/warproxxx/Desktop/Projects/Energy-Prediction/algorithm/data/live/HB_SOUTH.csv
Saved to /home/warproxxx/Desktop/Projects/Energy-Prediction/algorithm/data/live/HB_SOUTH.csv
Saved to /home/warproxxx/Desktop/Projects/Energy-Prediction/algorithm/data/live/HB_WEST.csv
Saved to /home/warproxxx/Desktop/Projects/Energy-Prediction/algorithm/data/live/HB_WEST.csv
Saved to /home/warproxxx/Desktop/Projects/Energy-Prediction/algorithm/data/live/LZ_AEN.csv
Saved to /home/warproxxx/Desktop/Projects/Energy-Prediction/algorithm/data/live/LZ_AEN.csv
Saved to /home/warproxxx/Desktop/Projects/Energy-Prediction/algorithm/data/live/LZ_CPS.csv
Saved to /home/warproxxx/Desktop/Projects/Energy-Prediction/algorithm/data/live/LZ_CPS.csv
Saved to /home/warproxxx/Desktop/Projects/Energy-Prediction/algorithm/data/live/LZ_HOUSTON.csv
Saved to /home/warproxxx/Desktop/Projects/Energy-Prediction/algorithm/data/live/LZ_HOUSTON.csv
Saved to /home/warproxxx/Desktop/Projects/Energy-Prediction/algorithm/data/live/LZ_LCRA.csv
Saved to /home/warproxxx/Desktop/Projects/Energy-Prediction/algorithm/data/live/LZ_LCRA.csv
Saved to /home/warproxxx/Desktop/Projects/Energy-Prediction/algorithm/data/live/LZ_NORTH.csv
Saved to /home/warproxxx/Desktop/Projects/Energy-Prediction/algorithm/data/live/LZ_NORTH.csv
Saved to /home/warproxxx/Desktop/Projects/Energy-Prediction/algorithm/data/live/LZ_RAYBN.csv
Saved to /home/warproxxx/Desktop/Projects/Energy-Prediction/algorithm/data/live/LZ_RAYBN.csv
Saved to /home/warproxxx/Desktop/Projects/Energy-Prediction/algorithm/data/live/LZ_SOUTH.csv
Saved to /home/warproxxx/Desktop/Projects/Energy-Prediction/algorithm/data/live/LZ_SOUTH.csv
Saved to /home/warproxxx/Desktop/Projects/Energy-Prediction/algorithm/data/live/LZ_WEST.csv
Saved to /home/warproxxx/Desktop/Projects/Energy-Prediction/algorithm/data/live/LZ_WEST.csv
done in 0.6243694861729939 seconds
done in 0.6243694861729939 seconds
