Read data/processed/LZ_AEN/backtest/data.csv for backtest
Got data. The size of X is (271004, 23, 1) and that of y is (271004, 1)
Got data. The size of X is (271004, 23, 1) and that of y is (271004, 1)
Train X: (243904, 23, 1) Train Y: (243904, 1) Test X: (27100, 23, 1) Test Y: (27100, 1). Now training
Train X: (243904, 23, 1) Train Y: (243904, 1) Test X: (27100, 23, 1) Test Y: (27100, 1). Now training
Model trained
Model trained
Model saved in /home/warproxxx/Desktop/Projects/Energy-Prediction/algorithm/models/tri_model_15_minute/LZ_AEN/model.h5
Model saved in /home/warproxxx/Desktop/Projects/Energy-Prediction/algorithm/models/tri_model_15_minute/LZ_AEN/model.h5
Saved to /home/warproxxx/Desktop/Projects/Energy-Prediction/algorithm/models/tri_model_15_minute/LZ_AEN/backtest/predicted.csv
Saved to /home/warproxxx/Desktop/Projects/Energy-Prediction/algorithm/models/tri_model_15_minute/LZ_AEN/backtest/predicted.csv
Saved to /home/warproxxx/Desktop/Projects/Energy-Prediction/algorithm/models/tri_model_15_minute/LZ_AEN/backtest/metrics.json
Saved to /home/warproxxx/Desktop/Projects/Energy-Prediction/algorithm/models/tri_model_15_minute/LZ_AEN/backtest/metrics.json
Got data. The size of X is (67734, 23, 1) and that of y is (67734, 1)
Got data. The size of X is (67734, 23, 1) and that of y is (67734, 1)
Got data. The size of X is (67734, 23, 1) and that of y is (67734, 1)
Train X: (60961, 23, 1) Train Y: (60961, 1) Test X: (6773, 23, 1) Test Y: (6773, 1). Now training
Train X: (60961, 23, 1) Train Y: (60961, 1) Test X: (6773, 23, 1) Test Y: (6773, 1). Now training
Train X: (60961, 23, 1) Train Y: (60961, 1) Test X: (6773, 23, 1) Test Y: (6773, 1). Now training
Model trained
Model trained
Model trained
Model saved in /home/warproxxx/Desktop/Projects/Energy-Prediction/algorithm/models/tri_model_1_hours/LZ_AEN/model.h5
Model saved in /home/warproxxx/Desktop/Projects/Energy-Prediction/algorithm/models/tri_model_1_hours/LZ_AEN/model.h5
Model saved in /home/warproxxx/Desktop/Projects/Energy-Prediction/algorithm/models/tri_model_1_hours/LZ_AEN/model.h5
Saved to /home/warproxxx/Desktop/Projects/Energy-Prediction/algorithm/models/tri_model_1_hours/LZ_AEN/backtest/predicted.csv
Saved to /home/warproxxx/Desktop/Projects/Energy-Prediction/algorithm/models/tri_model_1_hours/LZ_AEN/backtest/predicted.csv
Saved to /home/warproxxx/Desktop/Projects/Energy-Prediction/algorithm/models/tri_model_1_hours/LZ_AEN/backtest/predicted.csv
Saved to /home/warproxxx/Desktop/Projects/Energy-Prediction/algorithm/models/tri_model_1_hours/LZ_AEN/backtest/metrics.json
Saved to /home/warproxxx/Desktop/Projects/Energy-Prediction/algorithm/models/tri_model_1_hours/LZ_AEN/backtest/metrics.json
Saved to /home/warproxxx/Desktop/Projects/Energy-Prediction/algorithm/models/tri_model_1_hours/LZ_AEN/backtest/metrics.json
Read data/processed/HB_HUBAVG/backtest/data.csv for backtest
Read data/processed/HB_HUBAVG/backtest/data.csv for backtest
Read data/processed/HB_HUBAVG/backtest/data.csv for backtest
Got data. The size of X is (271004, 23, 1) and that of y is (271004, 1)
Got data. The size of X is (271004, 23, 1) and that of y is (271004, 1)
Got data. The size of X is (271004, 23, 1) and that of y is (271004, 1)
Got data. The size of X is (271004, 23, 1) and that of y is (271004, 1)
Train X: (243904, 23, 1) Train Y: (243904, 1) Test X: (27100, 23, 1) Test Y: (27100, 1). Now training
Train X: (243904, 23, 1) Train Y: (243904, 1) Test X: (27100, 23, 1) Test Y: (27100, 1). Now training
Train X: (243904, 23, 1) Train Y: (243904, 1) Test X: (27100, 23, 1) Test Y: (27100, 1). Now training
Train X: (243904, 23, 1) Train Y: (243904, 1) Test X: (27100, 23, 1) Test Y: (27100, 1). Now training
Model trained
Model trained
Model trained
Model trained
Model saved in /home/warproxxx/Desktop/Projects/Energy-Prediction/algorithm/models/tri_model_15_minute/HB_HUBAVG/model.h5
Model saved in /home/warproxxx/Desktop/Projects/Energy-Prediction/algorithm/models/tri_model_15_minute/HB_HUBAVG/model.h5
Model saved in /home/warproxxx/Desktop/Projects/Energy-Prediction/algorithm/models/tri_model_15_minute/HB_HUBAVG/model.h5
Model saved in /home/warproxxx/Desktop/Projects/Energy-Prediction/algorithm/models/tri_model_15_minute/HB_HUBAVG/model.h5
Saved to /home/warproxxx/Desktop/Projects/Energy-Prediction/algorithm/models/tri_model_15_minute/HB_HUBAVG/backtest/predicted.csv
Saved to /home/warproxxx/Desktop/Projects/Energy-Prediction/algorithm/models/tri_model_15_minute/HB_HUBAVG/backtest/predicted.csv
Saved to /home/warproxxx/Desktop/Projects/Energy-Prediction/algorithm/models/tri_model_15_minute/HB_HUBAVG/backtest/predicted.csv
Saved to /home/warproxxx/Desktop/Projects/Energy-Prediction/algorithm/models/tri_model_15_minute/HB_HUBAVG/backtest/predicted.csv
Saved to /home/warproxxx/Desktop/Projects/Energy-Prediction/algorithm/models/tri_model_15_minute/HB_HUBAVG/backtest/metrics.json
Saved to /home/warproxxx/Desktop/Projects/Energy-Prediction/algorithm/models/tri_model_15_minute/HB_HUBAVG/backtest/metrics.json
Saved to /home/warproxxx/Desktop/Projects/Energy-Prediction/algorithm/models/tri_model_15_minute/HB_HUBAVG/backtest/metrics.json
Saved to /home/warproxxx/Desktop/Projects/Energy-Prediction/algorithm/models/tri_model_15_minute/HB_HUBAVG/backtest/metrics.json
Got data. The size of X is (67734, 23, 1) and that of y is (67734, 1)
Got data. The size of X is (67734, 23, 1) and that of y is (67734, 1)
Got data. The size of X is (67734, 23, 1) and that of y is (67734, 1)
Got data. The size of X is (67734, 23, 1) and that of y is (67734, 1)
Got data. The size of X is (67734, 23, 1) and that of y is (67734, 1)
Train X: (60961, 23, 1) Train Y: (60961, 1) Test X: (6773, 23, 1) Test Y: (6773, 1). Now training
Train X: (60961, 23, 1) Train Y: (60961, 1) Test X: (6773, 23, 1) Test Y: (6773, 1). Now training
Train X: (60961, 23, 1) Train Y: (60961, 1) Test X: (6773, 23, 1) Test Y: (6773, 1). Now training
Train X: (60961, 23, 1) Train Y: (60961, 1) Test X: (6773, 23, 1) Test Y: (6773, 1). Now training
Train X: (60961, 23, 1) Train Y: (60961, 1) Test X: (6773, 23, 1) Test Y: (6773, 1). Now training
Model trained
Model trained
Model trained
Model trained
Model trained
Model saved in /home/warproxxx/Desktop/Projects/Energy-Prediction/algorithm/models/tri_model_1_hours/HB_HUBAVG/model.h5
Model saved in /home/warproxxx/Desktop/Projects/Energy-Prediction/algorithm/models/tri_model_1_hours/HB_HUBAVG/model.h5
Model saved in /home/warproxxx/Desktop/Projects/Energy-Prediction/algorithm/models/tri_model_1_hours/HB_HUBAVG/model.h5
Model saved in /home/warproxxx/Desktop/Projects/Energy-Prediction/algorithm/models/tri_model_1_hours/HB_HUBAVG/model.h5
Model saved in /home/warproxxx/Desktop/Projects/Energy-Prediction/algorithm/models/tri_model_1_hours/HB_HUBAVG/model.h5
Saved to /home/warproxxx/Desktop/Projects/Energy-Prediction/algorithm/models/tri_model_1_hours/HB_HUBAVG/backtest/predicted.csv
Saved to /home/warproxxx/Desktop/Projects/Energy-Prediction/algorithm/models/tri_model_1_hours/HB_HUBAVG/backtest/predicted.csv
Saved to /home/warproxxx/Desktop/Projects/Energy-Prediction/algorithm/models/tri_model_1_hours/HB_HUBAVG/backtest/predicted.csv
Saved to /home/warproxxx/Desktop/Projects/Energy-Prediction/algorithm/models/tri_model_1_hours/HB_HUBAVG/backtest/predicted.csv
Saved to /home/warproxxx/Desktop/Projects/Energy-Prediction/algorithm/models/tri_model_1_hours/HB_HUBAVG/backtest/predicted.csv
Saved to /home/warproxxx/Desktop/Projects/Energy-Prediction/algorithm/models/tri_model_1_hours/HB_HUBAVG/backtest/metrics.json
Saved to /home/warproxxx/Desktop/Projects/Energy-Prediction/algorithm/models/tri_model_1_hours/HB_HUBAVG/backtest/metrics.json
Saved to /home/warproxxx/Desktop/Projects/Energy-Prediction/algorithm/models/tri_model_1_hours/HB_HUBAVG/backtest/metrics.json
Saved to /home/warproxxx/Desktop/Projects/Energy-Prediction/algorithm/models/tri_model_1_hours/HB_HUBAVG/backtest/metrics.json
Saved to /home/warproxxx/Desktop/Projects/Energy-Prediction/algorithm/models/tri_model_1_hours/HB_HUBAVG/backtest/metrics.json
Read data/processed/LZ_NORTH/backtest/data.csv for backtest
Read data/processed/LZ_NORTH/backtest/data.csv for backtest
Read data/processed/LZ_NORTH/backtest/data.csv for backtest
Read data/processed/LZ_NORTH/backtest/data.csv for backtest
Read data/processed/LZ_NORTH/backtest/data.csv for backtest
Got data. The size of X is (271004, 23, 1) and that of y is (271004, 1)
Got data. The size of X is (271004, 23, 1) and that of y is (271004, 1)
Got data. The size of X is (271004, 23, 1) and that of y is (271004, 1)
Got data. The size of X is (271004, 23, 1) and that of y is (271004, 1)
Got data. The size of X is (271004, 23, 1) and that of y is (271004, 1)
Got data. The size of X is (271004, 23, 1) and that of y is (271004, 1)
Train X: (243904, 23, 1) Train Y: (243904, 1) Test X: (27100, 23, 1) Test Y: (27100, 1). Now training
Train X: (243904, 23, 1) Train Y: (243904, 1) Test X: (27100, 23, 1) Test Y: (27100, 1). Now training
Train X: (243904, 23, 1) Train Y: (243904, 1) Test X: (27100, 23, 1) Test Y: (27100, 1). Now training
Train X: (243904, 23, 1) Train Y: (243904, 1) Test X: (27100, 23, 1) Test Y: (27100, 1). Now training
Train X: (243904, 23, 1) Train Y: (243904, 1) Test X: (27100, 23, 1) Test Y: (27100, 1). Now training
Train X: (243904, 23, 1) Train Y: (243904, 1) Test X: (27100, 23, 1) Test Y: (27100, 1). Now training
Model trained
Model trained
Model trained
Model trained
Model trained
Model trained
Model saved in /home/warproxxx/Desktop/Projects/Energy-Prediction/algorithm/models/tri_model_15_minute/LZ_NORTH/model.h5
Model saved in /home/warproxxx/Desktop/Projects/Energy-Prediction/algorithm/models/tri_model_15_minute/LZ_NORTH/model.h5
Model saved in /home/warproxxx/Desktop/Projects/Energy-Prediction/algorithm/models/tri_model_15_minute/LZ_NORTH/model.h5
Model saved in /home/warproxxx/Desktop/Projects/Energy-Prediction/algorithm/models/tri_model_15_minute/LZ_NORTH/model.h5
Model saved in /home/warproxxx/Desktop/Projects/Energy-Prediction/algorithm/models/tri_model_15_minute/LZ_NORTH/model.h5
Model saved in /home/warproxxx/Desktop/Projects/Energy-Prediction/algorithm/models/tri_model_15_minute/LZ_NORTH/model.h5
Saved to /home/warproxxx/Desktop/Projects/Energy-Prediction/algorithm/models/tri_model_15_minute/LZ_NORTH/backtest/predicted.csv
Saved to /home/warproxxx/Desktop/Projects/Energy-Prediction/algorithm/models/tri_model_15_minute/LZ_NORTH/backtest/predicted.csv
Saved to /home/warproxxx/Desktop/Projects/Energy-Prediction/algorithm/models/tri_model_15_minute/LZ_NORTH/backtest/predicted.csv
Saved to /home/warproxxx/Desktop/Projects/Energy-Prediction/algorithm/models/tri_model_15_minute/LZ_NORTH/backtest/predicted.csv
Saved to /home/warproxxx/Desktop/Projects/Energy-Prediction/algorithm/models/tri_model_15_minute/LZ_NORTH/backtest/predicted.csv
Saved to /home/warproxxx/Desktop/Projects/Energy-Prediction/algorithm/models/tri_model_15_minute/LZ_NORTH/backtest/predicted.csv
Saved to /home/warproxxx/Desktop/Projects/Energy-Prediction/algorithm/models/tri_model_15_minute/LZ_NORTH/backtest/metrics.json
Saved to /home/warproxxx/Desktop/Projects/Energy-Prediction/algorithm/models/tri_model_15_minute/LZ_NORTH/backtest/metrics.json
Saved to /home/warproxxx/Desktop/Projects/Energy-Prediction/algorithm/models/tri_model_15_minute/LZ_NORTH/backtest/metrics.json
Saved to /home/warproxxx/Desktop/Projects/Energy-Prediction/algorithm/models/tri_model_15_minute/LZ_NORTH/backtest/metrics.json
Saved to /home/warproxxx/Desktop/Projects/Energy-Prediction/algorithm/models/tri_model_15_minute/LZ_NORTH/backtest/metrics.json
Saved to /home/warproxxx/Desktop/Projects/Energy-Prediction/algorithm/models/tri_model_15_minute/LZ_NORTH/backtest/metrics.json
Got data. The size of X is (67734, 23, 1) and that of y is (67734, 1)
Got data. The size of X is (67734, 23, 1) and that of y is (67734, 1)
Got data. The size of X is (67734, 23, 1) and that of y is (67734, 1)
Got data. The size of X is (67734, 23, 1) and that of y is (67734, 1)
Got data. The size of X is (67734, 23, 1) and that of y is (67734, 1)
Got data. The size of X is (67734, 23, 1) and that of y is (67734, 1)
Got data. The size of X is (67734, 23, 1) and that of y is (67734, 1)
Train X: (60961, 23, 1) Train Y: (60961, 1) Test X: (6773, 23, 1) Test Y: (6773, 1). Now training
Train X: (60961, 23, 1) Train Y: (60961, 1) Test X: (6773, 23, 1) Test Y: (6773, 1). Now training
Train X: (60961, 23, 1) Train Y: (60961, 1) Test X: (6773, 23, 1) Test Y: (6773, 1). Now training
Train X: (60961, 23, 1) Train Y: (60961, 1) Test X: (6773, 23, 1) Test Y: (6773, 1). Now training
Train X: (60961, 23, 1) Train Y: (60961, 1) Test X: (6773, 23, 1) Test Y: (6773, 1). Now training
Train X: (60961, 23, 1) Train Y: (60961, 1) Test X: (6773, 23, 1) Test Y: (6773, 1). Now training
Train X: (60961, 23, 1) Train Y: (60961, 1) Test X: (6773, 23, 1) Test Y: (6773, 1). Now training
Model trained
Model trained
Model trained
Model trained
Model trained
Model trained
Model trained
Model saved in /home/warproxxx/Desktop/Projects/Energy-Prediction/algorithm/models/tri_model_1_hours/LZ_NORTH/model.h5
Model saved in /home/warproxxx/Desktop/Projects/Energy-Prediction/algorithm/models/tri_model_1_hours/LZ_NORTH/model.h5
Model saved in /home/warproxxx/Desktop/Projects/Energy-Prediction/algorithm/models/tri_model_1_hours/LZ_NORTH/model.h5
Model saved in /home/warproxxx/Desktop/Projects/Energy-Prediction/algorithm/models/tri_model_1_hours/LZ_NORTH/model.h5
Model saved in /home/warproxxx/Desktop/Projects/Energy-Prediction/algorithm/models/tri_model_1_hours/LZ_NORTH/model.h5
Model saved in /home/warproxxx/Desktop/Projects/Energy-Prediction/algorithm/models/tri_model_1_hours/LZ_NORTH/model.h5
Model saved in /home/warproxxx/Desktop/Projects/Energy-Prediction/algorithm/models/tri_model_1_hours/LZ_NORTH/model.h5
Saved to /home/warproxxx/Desktop/Projects/Energy-Prediction/algorithm/models/tri_model_1_hours/LZ_NORTH/backtest/predicted.csv
Saved to /home/warproxxx/Desktop/Projects/Energy-Prediction/algorithm/models/tri_model_1_hours/LZ_NORTH/backtest/predicted.csv
Saved to /home/warproxxx/Desktop/Projects/Energy-Prediction/algorithm/models/tri_model_1_hours/LZ_NORTH/backtest/predicted.csv
Saved to /home/warproxxx/Desktop/Projects/Energy-Prediction/algorithm/models/tri_model_1_hours/LZ_NORTH/backtest/predicted.csv
Saved to /home/warproxxx/Desktop/Projects/Energy-Prediction/algorithm/models/tri_model_1_hours/LZ_NORTH/backtest/predicted.csv
Saved to /home/warproxxx/Desktop/Projects/Energy-Prediction/algorithm/models/tri_model_1_hours/LZ_NORTH/backtest/predicted.csv
Saved to /home/warproxxx/Desktop/Projects/Energy-Prediction/algorithm/models/tri_model_1_hours/LZ_NORTH/backtest/predicted.csv
Saved to /home/warproxxx/Desktop/Projects/Energy-Prediction/algorithm/models/tri_model_1_hours/LZ_NORTH/backtest/metrics.json
Saved to /home/warproxxx/Desktop/Projects/Energy-Prediction/algorithm/models/tri_model_1_hours/LZ_NORTH/backtest/metrics.json
Saved to /home/warproxxx/Desktop/Projects/Energy-Prediction/algorithm/models/tri_model_1_hours/LZ_NORTH/backtest/metrics.json
Saved to /home/warproxxx/Desktop/Projects/Energy-Prediction/algorithm/models/tri_model_1_hours/LZ_NORTH/backtest/metrics.json
Saved to /home/warproxxx/Desktop/Projects/Energy-Prediction/algorithm/models/tri_model_1_hours/LZ_NORTH/backtest/metrics.json
Saved to /home/warproxxx/Desktop/Projects/Energy-Prediction/algorithm/models/tri_model_1_hours/LZ_NORTH/backtest/metrics.json
Saved to /home/warproxxx/Desktop/Projects/Energy-Prediction/algorithm/models/tri_model_1_hours/LZ_NORTH/backtest/metrics.json
Read data/processed/HB_WEST/backtest/data.csv for backtest
Read data/processed/HB_WEST/backtest/data.csv for backtest
Read data/processed/HB_WEST/backtest/data.csv for backtest
Read data/processed/HB_WEST/backtest/data.csv for backtest
Read data/processed/HB_WEST/backtest/data.csv for backtest
Read data/processed/HB_WEST/backtest/data.csv for backtest
Read data/processed/HB_WEST/backtest/data.csv for backtest
Got data. The size of X is (271004, 23, 1) and that of y is (271004, 1)
Got data. The size of X is (271004, 23, 1) and that of y is (271004, 1)
Got data. The size of X is (271004, 23, 1) and that of y is (271004, 1)
Got data. The size of X is (271004, 23, 1) and that of y is (271004, 1)
Got data. The size of X is (271004, 23, 1) and that of y is (271004, 1)
Got data. The size of X is (271004, 23, 1) and that of y is (271004, 1)
Got data. The size of X is (271004, 23, 1) and that of y is (271004, 1)
Got data. The size of X is (271004, 23, 1) and that of y is (271004, 1)
Train X: (243904, 23, 1) Train Y: (243904, 1) Test X: (27100, 23, 1) Test Y: (27100, 1). Now training
Train X: (243904, 23, 1) Train Y: (243904, 1) Test X: (27100, 23, 1) Test Y: (27100, 1). Now training
Train X: (243904, 23, 1) Train Y: (243904, 1) Test X: (27100, 23, 1) Test Y: (27100, 1). Now training
Train X: (243904, 23, 1) Train Y: (243904, 1) Test X: (27100, 23, 1) Test Y: (27100, 1). Now training
Train X: (243904, 23, 1) Train Y: (243904, 1) Test X: (27100, 23, 1) Test Y: (27100, 1). Now training
Train X: (243904, 23, 1) Train Y: (243904, 1) Test X: (27100, 23, 1) Test Y: (27100, 1). Now training
Train X: (243904, 23, 1) Train Y: (243904, 1) Test X: (27100, 23, 1) Test Y: (27100, 1). Now training
Train X: (243904, 23, 1) Train Y: (243904, 1) Test X: (27100, 23, 1) Test Y: (27100, 1). Now training
Model trained
Model trained
Model trained
Model trained
Model trained
Model trained
Model trained
Model trained
Model saved in /home/warproxxx/Desktop/Projects/Energy-Prediction/algorithm/models/tri_model_15_minute/HB_WEST/model.h5
Model saved in /home/warproxxx/Desktop/Projects/Energy-Prediction/algorithm/models/tri_model_15_minute/HB_WEST/model.h5
Model saved in /home/warproxxx/Desktop/Projects/Energy-Prediction/algorithm/models/tri_model_15_minute/HB_WEST/model.h5
Model saved in /home/warproxxx/Desktop/Projects/Energy-Prediction/algorithm/models/tri_model_15_minute/HB_WEST/model.h5
Model saved in /home/warproxxx/Desktop/Projects/Energy-Prediction/algorithm/models/tri_model_15_minute/HB_WEST/model.h5
Model saved in /home/warproxxx/Desktop/Projects/Energy-Prediction/algorithm/models/tri_model_15_minute/HB_WEST/model.h5
Model saved in /home/warproxxx/Desktop/Projects/Energy-Prediction/algorithm/models/tri_model_15_minute/HB_WEST/model.h5
Model saved in /home/warproxxx/Desktop/Projects/Energy-Prediction/algorithm/models/tri_model_15_minute/HB_WEST/model.h5
Saved to /home/warproxxx/Desktop/Projects/Energy-Prediction/algorithm/models/tri_model_15_minute/HB_WEST/backtest/predicted.csv
Saved to /home/warproxxx/Desktop/Projects/Energy-Prediction/algorithm/models/tri_model_15_minute/HB_WEST/backtest/predicted.csv
Saved to /home/warproxxx/Desktop/Projects/Energy-Prediction/algorithm/models/tri_model_15_minute/HB_WEST/backtest/predicted.csv
Saved to /home/warproxxx/Desktop/Projects/Energy-Prediction/algorithm/models/tri_model_15_minute/HB_WEST/backtest/predicted.csv
Saved to /home/warproxxx/Desktop/Projects/Energy-Prediction/algorithm/models/tri_model_15_minute/HB_WEST/backtest/predicted.csv
Saved to /home/warproxxx/Desktop/Projects/Energy-Prediction/algorithm/models/tri_model_15_minute/HB_WEST/backtest/predicted.csv
Saved to /home/warproxxx/Desktop/Projects/Energy-Prediction/algorithm/models/tri_model_15_minute/HB_WEST/backtest/predicted.csv
Saved to /home/warproxxx/Desktop/Projects/Energy-Prediction/algorithm/models/tri_model_15_minute/HB_WEST/backtest/predicted.csv
Saved to /home/warproxxx/Desktop/Projects/Energy-Prediction/algorithm/models/tri_model_15_minute/HB_WEST/backtest/metrics.json
Saved to /home/warproxxx/Desktop/Projects/Energy-Prediction/algorithm/models/tri_model_15_minute/HB_WEST/backtest/metrics.json
Saved to /home/warproxxx/Desktop/Projects/Energy-Prediction/algorithm/models/tri_model_15_minute/HB_WEST/backtest/metrics.json
Saved to /home/warproxxx/Desktop/Projects/Energy-Prediction/algorithm/models/tri_model_15_minute/HB_WEST/backtest/metrics.json
Saved to /home/warproxxx/Desktop/Projects/Energy-Prediction/algorithm/models/tri_model_15_minute/HB_WEST/backtest/metrics.json
Saved to /home/warproxxx/Desktop/Projects/Energy-Prediction/algorithm/models/tri_model_15_minute/HB_WEST/backtest/metrics.json
Saved to /home/warproxxx/Desktop/Projects/Energy-Prediction/algorithm/models/tri_model_15_minute/HB_WEST/backtest/metrics.json
Saved to /home/warproxxx/Desktop/Projects/Energy-Prediction/algorithm/models/tri_model_15_minute/HB_WEST/backtest/metrics.json
Got data. The size of X is (67734, 23, 1) and that of y is (67734, 1)
Got data. The size of X is (67734, 23, 1) and that of y is (67734, 1)
Got data. The size of X is (67734, 23, 1) and that of y is (67734, 1)
Got data. The size of X is (67734, 23, 1) and that of y is (67734, 1)
Got data. The size of X is (67734, 23, 1) and that of y is (67734, 1)
Got data. The size of X is (67734, 23, 1) and that of y is (67734, 1)
Got data. The size of X is (67734, 23, 1) and that of y is (67734, 1)
Got data. The size of X is (67734, 23, 1) and that of y is (67734, 1)
Got data. The size of X is (67734, 23, 1) and that of y is (67734, 1)
Train X: (60961, 23, 1) Train Y: (60961, 1) Test X: (6773, 23, 1) Test Y: (6773, 1). Now training
Train X: (60961, 23, 1) Train Y: (60961, 1) Test X: (6773, 23, 1) Test Y: (6773, 1). Now training
Train X: (60961, 23, 1) Train Y: (60961, 1) Test X: (6773, 23, 1) Test Y: (6773, 1). Now training
Train X: (60961, 23, 1) Train Y: (60961, 1) Test X: (6773, 23, 1) Test Y: (6773, 1). Now training
Train X: (60961, 23, 1) Train Y: (60961, 1) Test X: (6773, 23, 1) Test Y: (6773, 1). Now training
Train X: (60961, 23, 1) Train Y: (60961, 1) Test X: (6773, 23, 1) Test Y: (6773, 1). Now training
Train X: (60961, 23, 1) Train Y: (60961, 1) Test X: (6773, 23, 1) Test Y: (6773, 1). Now training
Train X: (60961, 23, 1) Train Y: (60961, 1) Test X: (6773, 23, 1) Test Y: (6773, 1). Now training
Train X: (60961, 23, 1) Train Y: (60961, 1) Test X: (6773, 23, 1) Test Y: (6773, 1). Now training
Model trained
Model trained
Model trained
Model trained
Model trained
Model trained
Model trained
Model trained
Model trained
Model saved in /home/warproxxx/Desktop/Projects/Energy-Prediction/algorithm/models/tri_model_1_hours/HB_WEST/model.h5
Model saved in /home/warproxxx/Desktop/Projects/Energy-Prediction/algorithm/models/tri_model_1_hours/HB_WEST/model.h5
Model saved in /home/warproxxx/Desktop/Projects/Energy-Prediction/algorithm/models/tri_model_1_hours/HB_WEST/model.h5
Model saved in /home/warproxxx/Desktop/Projects/Energy-Prediction/algorithm/models/tri_model_1_hours/HB_WEST/model.h5
Model saved in /home/warproxxx/Desktop/Projects/Energy-Prediction/algorithm/models/tri_model_1_hours/HB_WEST/model.h5
Model saved in /home/warproxxx/Desktop/Projects/Energy-Prediction/algorithm/models/tri_model_1_hours/HB_WEST/model.h5
Model saved in /home/warproxxx/Desktop/Projects/Energy-Prediction/algorithm/models/tri_model_1_hours/HB_WEST/model.h5
Model saved in /home/warproxxx/Desktop/Projects/Energy-Prediction/algorithm/models/tri_model_1_hours/HB_WEST/model.h5
Model saved in /home/warproxxx/Desktop/Projects/Energy-Prediction/algorithm/models/tri_model_1_hours/HB_WEST/model.h5
Saved to /home/warproxxx/Desktop/Projects/Energy-Prediction/algorithm/models/tri_model_1_hours/HB_WEST/backtest/predicted.csv
Saved to /home/warproxxx/Desktop/Projects/Energy-Prediction/algorithm/models/tri_model_1_hours/HB_WEST/backtest/predicted.csv
Saved to /home/warproxxx/Desktop/Projects/Energy-Prediction/algorithm/models/tri_model_1_hours/HB_WEST/backtest/predicted.csv
Saved to /home/warproxxx/Desktop/Projects/Energy-Prediction/algorithm/models/tri_model_1_hours/HB_WEST/backtest/predicted.csv
Saved to /home/warproxxx/Desktop/Projects/Energy-Prediction/algorithm/models/tri_model_1_hours/HB_WEST/backtest/predicted.csv
Saved to /home/warproxxx/Desktop/Projects/Energy-Prediction/algorithm/models/tri_model_1_hours/HB_WEST/backtest/predicted.csv
Saved to /home/warproxxx/Desktop/Projects/Energy-Prediction/algorithm/models/tri_model_1_hours/HB_WEST/backtest/predicted.csv
Saved to /home/warproxxx/Desktop/Projects/Energy-Prediction/algorithm/models/tri_model_1_hours/HB_WEST/backtest/predicted.csv
Saved to /home/warproxxx/Desktop/Projects/Energy-Prediction/algorithm/models/tri_model_1_hours/HB_WEST/backtest/predicted.csv
Saved to /home/warproxxx/Desktop/Projects/Energy-Prediction/algorithm/models/tri_model_1_hours/HB_WEST/backtest/metrics.json
Saved to /home/warproxxx/Desktop/Projects/Energy-Prediction/algorithm/models/tri_model_1_hours/HB_WEST/backtest/metrics.json
Saved to /home/warproxxx/Desktop/Projects/Energy-Prediction/algorithm/models/tri_model_1_hours/HB_WEST/backtest/metrics.json
Saved to /home/warproxxx/Desktop/Projects/Energy-Prediction/algorithm/models/tri_model_1_hours/HB_WEST/backtest/metrics.json
Saved to /home/warproxxx/Desktop/Projects/Energy-Prediction/algorithm/models/tri_model_1_hours/HB_WEST/backtest/metrics.json
Saved to /home/warproxxx/Desktop/Projects/Energy-Prediction/algorithm/models/tri_model_1_hours/HB_WEST/backtest/metrics.json
Saved to /home/warproxxx/Desktop/Projects/Energy-Prediction/algorithm/models/tri_model_1_hours/HB_WEST/backtest/metrics.json
Saved to /home/warproxxx/Desktop/Projects/Energy-Prediction/algorithm/models/tri_model_1_hours/HB_WEST/backtest/metrics.json
Saved to /home/warproxxx/Desktop/Projects/Energy-Prediction/algorithm/models/tri_model_1_hours/HB_WEST/backtest/metrics.json
Read data/processed/LZ_SOUTH/backtest/data.csv for backtest
Read data/processed/LZ_SOUTH/backtest/data.csv for backtest
Read data/processed/LZ_SOUTH/backtest/data.csv for backtest
Read data/processed/LZ_SOUTH/backtest/data.csv for backtest
Read data/processed/LZ_SOUTH/backtest/data.csv for backtest
Read data/processed/LZ_SOUTH/backtest/data.csv for backtest
Read data/processed/LZ_SOUTH/backtest/data.csv for backtest
Read data/processed/LZ_SOUTH/backtest/data.csv for backtest
Read data/processed/LZ_SOUTH/backtest/data.csv for backtest
Got data. The size of X is (271004, 23, 1) and that of y is (271004, 1)
Got data. The size of X is (271004, 23, 1) and that of y is (271004, 1)
Got data. The size of X is (271004, 23, 1) and that of y is (271004, 1)
Got data. The size of X is (271004, 23, 1) and that of y is (271004, 1)
Got data. The size of X is (271004, 23, 1) and that of y is (271004, 1)
Got data. The size of X is (271004, 23, 1) and that of y is (271004, 1)
Got data. The size of X is (271004, 23, 1) and that of y is (271004, 1)
Got data. The size of X is (271004, 23, 1) and that of y is (271004, 1)
Got data. The size of X is (271004, 23, 1) and that of y is (271004, 1)
Got data. The size of X is (271004, 23, 1) and that of y is (271004, 1)
Train X: (243904, 23, 1) Train Y: (243904, 1) Test X: (27100, 23, 1) Test Y: (27100, 1). Now training
Train X: (243904, 23, 1) Train Y: (243904, 1) Test X: (27100, 23, 1) Test Y: (27100, 1). Now training
Train X: (243904, 23, 1) Train Y: (243904, 1) Test X: (27100, 23, 1) Test Y: (27100, 1). Now training
Train X: (243904, 23, 1) Train Y: (243904, 1) Test X: (27100, 23, 1) Test Y: (27100, 1). Now training
Train X: (243904, 23, 1) Train Y: (243904, 1) Test X: (27100, 23, 1) Test Y: (27100, 1). Now training
Train X: (243904, 23, 1) Train Y: (243904, 1) Test X: (27100, 23, 1) Test Y: (27100, 1). Now training
Train X: (243904, 23, 1) Train Y: (243904, 1) Test X: (27100, 23, 1) Test Y: (27100, 1). Now training
Train X: (243904, 23, 1) Train Y: (243904, 1) Test X: (27100, 23, 1) Test Y: (27100, 1). Now training
Train X: (243904, 23, 1) Train Y: (243904, 1) Test X: (27100, 23, 1) Test Y: (27100, 1). Now training
Train X: (243904, 23, 1) Train Y: (243904, 1) Test X: (27100, 23, 1) Test Y: (27100, 1). Now training
Model trained
Model trained
Model trained
Model trained
Model trained
Model trained
Model trained
Model trained
Model trained
Model trained
Model saved in /home/warproxxx/Desktop/Projects/Energy-Prediction/algorithm/models/tri_model_15_minute/LZ_SOUTH/model.h5
Model saved in /home/warproxxx/Desktop/Projects/Energy-Prediction/algorithm/models/tri_model_15_minute/LZ_SOUTH/model.h5
Model saved in /home/warproxxx/Desktop/Projects/Energy-Prediction/algorithm/models/tri_model_15_minute/LZ_SOUTH/model.h5
Model saved in /home/warproxxx/Desktop/Projects/Energy-Prediction/algorithm/models/tri_model_15_minute/LZ_SOUTH/model.h5
Model saved in /home/warproxxx/Desktop/Projects/Energy-Prediction/algorithm/models/tri_model_15_minute/LZ_SOUTH/model.h5
Model saved in /home/warproxxx/Desktop/Projects/Energy-Prediction/algorithm/models/tri_model_15_minute/LZ_SOUTH/model.h5
Model saved in /home/warproxxx/Desktop/Projects/Energy-Prediction/algorithm/models/tri_model_15_minute/LZ_SOUTH/model.h5
Model saved in /home/warproxxx/Desktop/Projects/Energy-Prediction/algorithm/models/tri_model_15_minute/LZ_SOUTH/model.h5
Model saved in /home/warproxxx/Desktop/Projects/Energy-Prediction/algorithm/models/tri_model_15_minute/LZ_SOUTH/model.h5
Model saved in /home/warproxxx/Desktop/Projects/Energy-Prediction/algorithm/models/tri_model_15_minute/LZ_SOUTH/model.h5
Saved to /home/warproxxx/Desktop/Projects/Energy-Prediction/algorithm/models/tri_model_15_minute/LZ_SOUTH/backtest/predicted.csv
Saved to /home/warproxxx/Desktop/Projects/Energy-Prediction/algorithm/models/tri_model_15_minute/LZ_SOUTH/backtest/predicted.csv
Saved to /home/warproxxx/Desktop/Projects/Energy-Prediction/algorithm/models/tri_model_15_minute/LZ_SOUTH/backtest/predicted.csv
Saved to /home/warproxxx/Desktop/Projects/Energy-Prediction/algorithm/models/tri_model_15_minute/LZ_SOUTH/backtest/predicted.csv
Saved to /home/warproxxx/Desktop/Projects/Energy-Prediction/algorithm/models/tri_model_15_minute/LZ_SOUTH/backtest/predicted.csv
Saved to /home/warproxxx/Desktop/Projects/Energy-Prediction/algorithm/models/tri_model_15_minute/LZ_SOUTH/backtest/predicted.csv
Saved to /home/warproxxx/Desktop/Projects/Energy-Prediction/algorithm/models/tri_model_15_minute/LZ_SOUTH/backtest/predicted.csv
Saved to /home/warproxxx/Desktop/Projects/Energy-Prediction/algorithm/models/tri_model_15_minute/LZ_SOUTH/backtest/predicted.csv
Saved to /home/warproxxx/Desktop/Projects/Energy-Prediction/algorithm/models/tri_model_15_minute/LZ_SOUTH/backtest/predicted.csv
Saved to /home/warproxxx/Desktop/Projects/Energy-Prediction/algorithm/models/tri_model_15_minute/LZ_SOUTH/backtest/predicted.csv
Saved to /home/warproxxx/Desktop/Projects/Energy-Prediction/algorithm/models/tri_model_15_minute/LZ_SOUTH/backtest/metrics.json
Saved to /home/warproxxx/Desktop/Projects/Energy-Prediction/algorithm/models/tri_model_15_minute/LZ_SOUTH/backtest/metrics.json
Saved to /home/warproxxx/Desktop/Projects/Energy-Prediction/algorithm/models/tri_model_15_minute/LZ_SOUTH/backtest/metrics.json
Saved to /home/warproxxx/Desktop/Projects/Energy-Prediction/algorithm/models/tri_model_15_minute/LZ_SOUTH/backtest/metrics.json
Saved to /home/warproxxx/Desktop/Projects/Energy-Prediction/algorithm/models/tri_model_15_minute/LZ_SOUTH/backtest/metrics.json
Saved to /home/warproxxx/Desktop/Projects/Energy-Prediction/algorithm/models/tri_model_15_minute/LZ_SOUTH/backtest/metrics.json
Saved to /home/warproxxx/Desktop/Projects/Energy-Prediction/algorithm/models/tri_model_15_minute/LZ_SOUTH/backtest/metrics.json
Saved to /home/warproxxx/Desktop/Projects/Energy-Prediction/algorithm/models/tri_model_15_minute/LZ_SOUTH/backtest/metrics.json
Saved to /home/warproxxx/Desktop/Projects/Energy-Prediction/algorithm/models/tri_model_15_minute/LZ_SOUTH/backtest/metrics.json
Saved to /home/warproxxx/Desktop/Projects/Energy-Prediction/algorithm/models/tri_model_15_minute/LZ_SOUTH/backtest/metrics.json
Got data. The size of X is (67734, 23, 1) and that of y is (67734, 1)
Got data. The size of X is (67734, 23, 1) and that of y is (67734, 1)
Got data. The size of X is (67734, 23, 1) and that of y is (67734, 1)
Got data. The size of X is (67734, 23, 1) and that of y is (67734, 1)
Got data. The size of X is (67734, 23, 1) and that of y is (67734, 1)
Got data. The size of X is (67734, 23, 1) and that of y is (67734, 1)
Got data. The size of X is (67734, 23, 1) and that of y is (67734, 1)
Got data. The size of X is (67734, 23, 1) and that of y is (67734, 1)
Got data. The size of X is (67734, 23, 1) and that of y is (67734, 1)
Got data. The size of X is (67734, 23, 1) and that of y is (67734, 1)
Got data. The size of X is (67734, 23, 1) and that of y is (67734, 1)
Train X: (60961, 23, 1) Train Y: (60961, 1) Test X: (6773, 23, 1) Test Y: (6773, 1). Now training
Train X: (60961, 23, 1) Train Y: (60961, 1) Test X: (6773, 23, 1) Test Y: (6773, 1). Now training
Train X: (60961, 23, 1) Train Y: (60961, 1) Test X: (6773, 23, 1) Test Y: (6773, 1). Now training
Train X: (60961, 23, 1) Train Y: (60961, 1) Test X: (6773, 23, 1) Test Y: (6773, 1). Now training
Train X: (60961, 23, 1) Train Y: (60961, 1) Test X: (6773, 23, 1) Test Y: (6773, 1). Now training
Train X: (60961, 23, 1) Train Y: (60961, 1) Test X: (6773, 23, 1) Test Y: (6773, 1). Now training
Train X: (60961, 23, 1) Train Y: (60961, 1) Test X: (6773, 23, 1) Test Y: (6773, 1). Now training
Train X: (60961, 23, 1) Train Y: (60961, 1) Test X: (6773, 23, 1) Test Y: (6773, 1). Now training
Train X: (60961, 23, 1) Train Y: (60961, 1) Test X: (6773, 23, 1) Test Y: (6773, 1). Now training
Train X: (60961, 23, 1) Train Y: (60961, 1) Test X: (6773, 23, 1) Test Y: (6773, 1). Now training
Train X: (60961, 23, 1) Train Y: (60961, 1) Test X: (6773, 23, 1) Test Y: (6773, 1). Now training
Model trained
Model trained
Model trained
Model trained
Model trained
Model trained
Model trained
Model trained
Model trained
Model trained
Model trained
Model saved in /home/warproxxx/Desktop/Projects/Energy-Prediction/algorithm/models/tri_model_1_hours/LZ_SOUTH/model.h5
Model saved in /home/warproxxx/Desktop/Projects/Energy-Prediction/algorithm/models/tri_model_1_hours/LZ_SOUTH/model.h5
Model saved in /home/warproxxx/Desktop/Projects/Energy-Prediction/algorithm/models/tri_model_1_hours/LZ_SOUTH/model.h5
Model saved in /home/warproxxx/Desktop/Projects/Energy-Prediction/algorithm/models/tri_model_1_hours/LZ_SOUTH/model.h5
Model saved in /home/warproxxx/Desktop/Projects/Energy-Prediction/algorithm/models/tri_model_1_hours/LZ_SOUTH/model.h5
Model saved in /home/warproxxx/Desktop/Projects/Energy-Prediction/algorithm/models/tri_model_1_hours/LZ_SOUTH/model.h5
Model saved in /home/warproxxx/Desktop/Projects/Energy-Prediction/algorithm/models/tri_model_1_hours/LZ_SOUTH/model.h5
Model saved in /home/warproxxx/Desktop/Projects/Energy-Prediction/algorithm/models/tri_model_1_hours/LZ_SOUTH/model.h5
Model saved in /home/warproxxx/Desktop/Projects/Energy-Prediction/algorithm/models/tri_model_1_hours/LZ_SOUTH/model.h5
Model saved in /home/warproxxx/Desktop/Projects/Energy-Prediction/algorithm/models/tri_model_1_hours/LZ_SOUTH/model.h5
Model saved in /home/warproxxx/Desktop/Projects/Energy-Prediction/algorithm/models/tri_model_1_hours/LZ_SOUTH/model.h5
Saved to /home/warproxxx/Desktop/Projects/Energy-Prediction/algorithm/models/tri_model_1_hours/LZ_SOUTH/backtest/predicted.csv
Saved to /home/warproxxx/Desktop/Projects/Energy-Prediction/algorithm/models/tri_model_1_hours/LZ_SOUTH/backtest/predicted.csv
Saved to /home/warproxxx/Desktop/Projects/Energy-Prediction/algorithm/models/tri_model_1_hours/LZ_SOUTH/backtest/predicted.csv
Saved to /home/warproxxx/Desktop/Projects/Energy-Prediction/algorithm/models/tri_model_1_hours/LZ_SOUTH/backtest/predicted.csv
Saved to /home/warproxxx/Desktop/Projects/Energy-Prediction/algorithm/models/tri_model_1_hours/LZ_SOUTH/backtest/predicted.csv
Saved to /home/warproxxx/Desktop/Projects/Energy-Prediction/algorithm/models/tri_model_1_hours/LZ_SOUTH/backtest/predicted.csv
Saved to /home/warproxxx/Desktop/Projects/Energy-Prediction/algorithm/models/tri_model_1_hours/LZ_SOUTH/backtest/predicted.csv
Saved to /home/warproxxx/Desktop/Projects/Energy-Prediction/algorithm/models/tri_model_1_hours/LZ_SOUTH/backtest/predicted.csv
Saved to /home/warproxxx/Desktop/Projects/Energy-Prediction/algorithm/models/tri_model_1_hours/LZ_SOUTH/backtest/predicted.csv
Saved to /home/warproxxx/Desktop/Projects/Energy-Prediction/algorithm/models/tri_model_1_hours/LZ_SOUTH/backtest/predicted.csv
Saved to /home/warproxxx/Desktop/Projects/Energy-Prediction/algorithm/models/tri_model_1_hours/LZ_SOUTH/backtest/predicted.csv
Saved to /home/warproxxx/Desktop/Projects/Energy-Prediction/algorithm/models/tri_model_1_hours/LZ_SOUTH/backtest/metrics.json
Saved to /home/warproxxx/Desktop/Projects/Energy-Prediction/algorithm/models/tri_model_1_hours/LZ_SOUTH/backtest/metrics.json
Saved to /home/warproxxx/Desktop/Projects/Energy-Prediction/algorithm/models/tri_model_1_hours/LZ_SOUTH/backtest/metrics.json
Saved to /home/warproxxx/Desktop/Projects/Energy-Prediction/algorithm/models/tri_model_1_hours/LZ_SOUTH/backtest/metrics.json
Saved to /home/warproxxx/Desktop/Projects/Energy-Prediction/algorithm/models/tri_model_1_hours/LZ_SOUTH/backtest/metrics.json
Saved to /home/warproxxx/Desktop/Projects/Energy-Prediction/algorithm/models/tri_model_1_hours/LZ_SOUTH/backtest/metrics.json
Saved to /home/warproxxx/Desktop/Projects/Energy-Prediction/algorithm/models/tri_model_1_hours/LZ_SOUTH/backtest/metrics.json
Saved to /home/warproxxx/Desktop/Projects/Energy-Prediction/algorithm/models/tri_model_1_hours/LZ_SOUTH/backtest/metrics.json
Saved to /home/warproxxx/Desktop/Projects/Energy-Prediction/algorithm/models/tri_model_1_hours/LZ_SOUTH/backtest/metrics.json
Saved to /home/warproxxx/Desktop/Projects/Energy-Prediction/algorithm/models/tri_model_1_hours/LZ_SOUTH/backtest/metrics.json
Saved to /home/warproxxx/Desktop/Projects/Energy-Prediction/algorithm/models/tri_model_1_hours/LZ_SOUTH/backtest/metrics.json
Read data/processed/LZ_RAYBN/backtest/data.csv for backtest
Read data/processed/LZ_RAYBN/backtest/data.csv for backtest
Read data/processed/LZ_RAYBN/backtest/data.csv for backtest
Read data/processed/LZ_RAYBN/backtest/data.csv for backtest
Read data/processed/LZ_RAYBN/backtest/data.csv for backtest
Read data/processed/LZ_RAYBN/backtest/data.csv for backtest
Read data/processed/LZ_RAYBN/backtest/data.csv for backtest
Read data/processed/LZ_RAYBN/backtest/data.csv for backtest
Read data/processed/LZ_RAYBN/backtest/data.csv for backtest
Read data/processed/LZ_RAYBN/backtest/data.csv for backtest
Read data/processed/LZ_RAYBN/backtest/data.csv for backtest
Got data. The size of X is (271004, 23, 1) and that of y is (271004, 1)
Got data. The size of X is (271004, 23, 1) and that of y is (271004, 1)
Got data. The size of X is (271004, 23, 1) and that of y is (271004, 1)
Got data. The size of X is (271004, 23, 1) and that of y is (271004, 1)
Got data. The size of X is (271004, 23, 1) and that of y is (271004, 1)
Got data. The size of X is (271004, 23, 1) and that of y is (271004, 1)
Got data. The size of X is (271004, 23, 1) and that of y is (271004, 1)
Got data. The size of X is (271004, 23, 1) and that of y is (271004, 1)
Got data. The size of X is (271004, 23, 1) and that of y is (271004, 1)
Got data. The size of X is (271004, 23, 1) and that of y is (271004, 1)
Got data. The size of X is (271004, 23, 1) and that of y is (271004, 1)
Got data. The size of X is (271004, 23, 1) and that of y is (271004, 1)
Train X: (243904, 23, 1) Train Y: (243904, 1) Test X: (27100, 23, 1) Test Y: (27100, 1). Now training
Train X: (243904, 23, 1) Train Y: (243904, 1) Test X: (27100, 23, 1) Test Y: (27100, 1). Now training
Train X: (243904, 23, 1) Train Y: (243904, 1) Test X: (27100, 23, 1) Test Y: (27100, 1). Now training
Train X: (243904, 23, 1) Train Y: (243904, 1) Test X: (27100, 23, 1) Test Y: (27100, 1). Now training
Train X: (243904, 23, 1) Train Y: (243904, 1) Test X: (27100, 23, 1) Test Y: (27100, 1). Now training
Train X: (243904, 23, 1) Train Y: (243904, 1) Test X: (27100, 23, 1) Test Y: (27100, 1). Now training
Train X: (243904, 23, 1) Train Y: (243904, 1) Test X: (27100, 23, 1) Test Y: (27100, 1). Now training
Train X: (243904, 23, 1) Train Y: (243904, 1) Test X: (27100, 23, 1) Test Y: (27100, 1). Now training
Train X: (243904, 23, 1) Train Y: (243904, 1) Test X: (27100, 23, 1) Test Y: (27100, 1). Now training
Train X: (243904, 23, 1) Train Y: (243904, 1) Test X: (27100, 23, 1) Test Y: (27100, 1). Now training
Train X: (243904, 23, 1) Train Y: (243904, 1) Test X: (27100, 23, 1) Test Y: (27100, 1). Now training
Train X: (243904, 23, 1) Train Y: (243904, 1) Test X: (27100, 23, 1) Test Y: (27100, 1). Now training
Model trained
Model trained
Model trained
Model trained
Model trained
Model trained
Model trained
Model trained
Model trained
Model trained
Model trained
Model trained
Model saved in /home/warproxxx/Desktop/Projects/Energy-Prediction/algorithm/models/tri_model_15_minute/LZ_RAYBN/model.h5
Model saved in /home/warproxxx/Desktop/Projects/Energy-Prediction/algorithm/models/tri_model_15_minute/LZ_RAYBN/model.h5
Model saved in /home/warproxxx/Desktop/Projects/Energy-Prediction/algorithm/models/tri_model_15_minute/LZ_RAYBN/model.h5
Model saved in /home/warproxxx/Desktop/Projects/Energy-Prediction/algorithm/models/tri_model_15_minute/LZ_RAYBN/model.h5
Model saved in /home/warproxxx/Desktop/Projects/Energy-Prediction/algorithm/models/tri_model_15_minute/LZ_RAYBN/model.h5
Model saved in /home/warproxxx/Desktop/Projects/Energy-Prediction/algorithm/models/tri_model_15_minute/LZ_RAYBN/model.h5
Model saved in /home/warproxxx/Desktop/Projects/Energy-Prediction/algorithm/models/tri_model_15_minute/LZ_RAYBN/model.h5
Model saved in /home/warproxxx/Desktop/Projects/Energy-Prediction/algorithm/models/tri_model_15_minute/LZ_RAYBN/model.h5
Model saved in /home/warproxxx/Desktop/Projects/Energy-Prediction/algorithm/models/tri_model_15_minute/LZ_RAYBN/model.h5
Model saved in /home/warproxxx/Desktop/Projects/Energy-Prediction/algorithm/models/tri_model_15_minute/LZ_RAYBN/model.h5
Model saved in /home/warproxxx/Desktop/Projects/Energy-Prediction/algorithm/models/tri_model_15_minute/LZ_RAYBN/model.h5
Model saved in /home/warproxxx/Desktop/Projects/Energy-Prediction/algorithm/models/tri_model_15_minute/LZ_RAYBN/model.h5
Read data.csv for forwardtest
Got data. The size of X is (253, 23, 1) and that of y is (253, 1)
Got data. The size of X is (253, 23, 1) and that of y is (253, 1)
Saved to /home/warproxxx/Desktop/Projects/Energy-Prediction/algorithm/models/tri_model_15_minute/LZ_AEN/forwardtest/predicted.csv
Saved to /home/warproxxx/Desktop/Projects/Energy-Prediction/algorithm/models/tri_model_15_minute/LZ_AEN/forwardtest/predicted.csv
Saved to /home/warproxxx/Desktop/Projects/Energy-Prediction/algorithm/models/tri_model_15_minute/LZ_AEN/forwardtest/metrics.json
Saved to /home/warproxxx/Desktop/Projects/Energy-Prediction/algorithm/models/tri_model_15_minute/LZ_AEN/forwardtest/metrics.json
Got data. The size of X is (46, 23, 1) and that of y is (46, 1)
Got data. The size of X is (46, 23, 1) and that of y is (46, 1)
Got data. The size of X is (46, 23, 1) and that of y is (46, 1)
Saved to /home/warproxxx/Desktop/Projects/Energy-Prediction/algorithm/models/tri_model_1_hours/LZ_AEN/forwardtest/predicted.csv
Saved to /home/warproxxx/Desktop/Projects/Energy-Prediction/algorithm/models/tri_model_1_hours/LZ_AEN/forwardtest/predicted.csv
Saved to /home/warproxxx/Desktop/Projects/Energy-Prediction/algorithm/models/tri_model_1_hours/LZ_AEN/forwardtest/predicted.csv
Saved to /home/warproxxx/Desktop/Projects/Energy-Prediction/algorithm/models/tri_model_1_hours/LZ_AEN/forwardtest/metrics.json
Saved to /home/warproxxx/Desktop/Projects/Energy-Prediction/algorithm/models/tri_model_1_hours/LZ_AEN/forwardtest/metrics.json
Saved to /home/warproxxx/Desktop/Projects/Energy-Prediction/algorithm/models/tri_model_1_hours/LZ_AEN/forwardtest/metrics.json
Read data.csv for forwardtest
Read data.csv for forwardtest
Read data.csv for forwardtest
Got data. The size of X is (253, 23, 1) and that of y is (253, 1)
Got data. The size of X is (253, 23, 1) and that of y is (253, 1)
Got data. The size of X is (253, 23, 1) and that of y is (253, 1)
Got data. The size of X is (253, 23, 1) and that of y is (253, 1)
Saved to /home/warproxxx/Desktop/Projects/Energy-Prediction/algorithm/models/tri_model_15_minute/HB_HUBAVG/forwardtest/predicted.csv
Saved to /home/warproxxx/Desktop/Projects/Energy-Prediction/algorithm/models/tri_model_15_minute/HB_HUBAVG/forwardtest/predicted.csv
Saved to /home/warproxxx/Desktop/Projects/Energy-Prediction/algorithm/models/tri_model_15_minute/HB_HUBAVG/forwardtest/predicted.csv
Saved to /home/warproxxx/Desktop/Projects/Energy-Prediction/algorithm/models/tri_model_15_minute/HB_HUBAVG/forwardtest/predicted.csv
Saved to /home/warproxxx/Desktop/Projects/Energy-Prediction/algorithm/models/tri_model_15_minute/HB_HUBAVG/forwardtest/metrics.json
Saved to /home/warproxxx/Desktop/Projects/Energy-Prediction/algorithm/models/tri_model_15_minute/HB_HUBAVG/forwardtest/metrics.json
Saved to /home/warproxxx/Desktop/Projects/Energy-Prediction/algorithm/models/tri_model_15_minute/HB_HUBAVG/forwardtest/metrics.json
Saved to /home/warproxxx/Desktop/Projects/Energy-Prediction/algorithm/models/tri_model_15_minute/HB_HUBAVG/forwardtest/metrics.json
Got data. The size of X is (46, 23, 1) and that of y is (46, 1)
Got data. The size of X is (46, 23, 1) and that of y is (46, 1)
Got data. The size of X is (46, 23, 1) and that of y is (46, 1)
Got data. The size of X is (46, 23, 1) and that of y is (46, 1)
Got data. The size of X is (46, 23, 1) and that of y is (46, 1)
Saved to /home/warproxxx/Desktop/Projects/Energy-Prediction/algorithm/models/tri_model_1_hours/HB_HUBAVG/forwardtest/predicted.csv
Saved to /home/warproxxx/Desktop/Projects/Energy-Prediction/algorithm/models/tri_model_1_hours/HB_HUBAVG/forwardtest/predicted.csv
Saved to /home/warproxxx/Desktop/Projects/Energy-Prediction/algorithm/models/tri_model_1_hours/HB_HUBAVG/forwardtest/predicted.csv
Saved to /home/warproxxx/Desktop/Projects/Energy-Prediction/algorithm/models/tri_model_1_hours/HB_HUBAVG/forwardtest/predicted.csv
Saved to /home/warproxxx/Desktop/Projects/Energy-Prediction/algorithm/models/tri_model_1_hours/HB_HUBAVG/forwardtest/predicted.csv
Saved to /home/warproxxx/Desktop/Projects/Energy-Prediction/algorithm/models/tri_model_1_hours/HB_HUBAVG/forwardtest/metrics.json
Saved to /home/warproxxx/Desktop/Projects/Energy-Prediction/algorithm/models/tri_model_1_hours/HB_HUBAVG/forwardtest/metrics.json
Saved to /home/warproxxx/Desktop/Projects/Energy-Prediction/algorithm/models/tri_model_1_hours/HB_HUBAVG/forwardtest/metrics.json
Saved to /home/warproxxx/Desktop/Projects/Energy-Prediction/algorithm/models/tri_model_1_hours/HB_HUBAVG/forwardtest/metrics.json
Saved to /home/warproxxx/Desktop/Projects/Energy-Prediction/algorithm/models/tri_model_1_hours/HB_HUBAVG/forwardtest/metrics.json
Read data.csv for forwardtest
Read data.csv for forwardtest
Read data.csv for forwardtest
Read data.csv for forwardtest
Read data.csv for forwardtest
Got data. The size of X is (253, 23, 1) and that of y is (253, 1)
Got data. The size of X is (253, 23, 1) and that of y is (253, 1)
Got data. The size of X is (253, 23, 1) and that of y is (253, 1)
Got data. The size of X is (253, 23, 1) and that of y is (253, 1)
Got data. The size of X is (253, 23, 1) and that of y is (253, 1)
Got data. The size of X is (253, 23, 1) and that of y is (253, 1)
Saved to /home/warproxxx/Desktop/Projects/Energy-Prediction/algorithm/models/tri_model_15_minute/LZ_NORTH/forwardtest/predicted.csv
Saved to /home/warproxxx/Desktop/Projects/Energy-Prediction/algorithm/models/tri_model_15_minute/LZ_NORTH/forwardtest/predicted.csv
Saved to /home/warproxxx/Desktop/Projects/Energy-Prediction/algorithm/models/tri_model_15_minute/LZ_NORTH/forwardtest/predicted.csv
Saved to /home/warproxxx/Desktop/Projects/Energy-Prediction/algorithm/models/tri_model_15_minute/LZ_NORTH/forwardtest/predicted.csv
Saved to /home/warproxxx/Desktop/Projects/Energy-Prediction/algorithm/models/tri_model_15_minute/LZ_NORTH/forwardtest/predicted.csv
Saved to /home/warproxxx/Desktop/Projects/Energy-Prediction/algorithm/models/tri_model_15_minute/LZ_NORTH/forwardtest/predicted.csv
Saved to /home/warproxxx/Desktop/Projects/Energy-Prediction/algorithm/models/tri_model_15_minute/LZ_NORTH/forwardtest/metrics.json
Saved to /home/warproxxx/Desktop/Projects/Energy-Prediction/algorithm/models/tri_model_15_minute/LZ_NORTH/forwardtest/metrics.json
Saved to /home/warproxxx/Desktop/Projects/Energy-Prediction/algorithm/models/tri_model_15_minute/LZ_NORTH/forwardtest/metrics.json
Saved to /home/warproxxx/Desktop/Projects/Energy-Prediction/algorithm/models/tri_model_15_minute/LZ_NORTH/forwardtest/metrics.json
Saved to /home/warproxxx/Desktop/Projects/Energy-Prediction/algorithm/models/tri_model_15_minute/LZ_NORTH/forwardtest/metrics.json
Saved to /home/warproxxx/Desktop/Projects/Energy-Prediction/algorithm/models/tri_model_15_minute/LZ_NORTH/forwardtest/metrics.json
Got data. The size of X is (46, 23, 1) and that of y is (46, 1)
Got data. The size of X is (46, 23, 1) and that of y is (46, 1)
Got data. The size of X is (46, 23, 1) and that of y is (46, 1)
Got data. The size of X is (46, 23, 1) and that of y is (46, 1)
Got data. The size of X is (46, 23, 1) and that of y is (46, 1)
Got data. The size of X is (46, 23, 1) and that of y is (46, 1)
Got data. The size of X is (46, 23, 1) and that of y is (46, 1)
Saved to /home/warproxxx/Desktop/Projects/Energy-Prediction/algorithm/models/tri_model_1_hours/LZ_NORTH/forwardtest/predicted.csv
Saved to /home/warproxxx/Desktop/Projects/Energy-Prediction/algorithm/models/tri_model_1_hours/LZ_NORTH/forwardtest/predicted.csv
Saved to /home/warproxxx/Desktop/Projects/Energy-Prediction/algorithm/models/tri_model_1_hours/LZ_NORTH/forwardtest/predicted.csv
Saved to /home/warproxxx/Desktop/Projects/Energy-Prediction/algorithm/models/tri_model_1_hours/LZ_NORTH/forwardtest/predicted.csv
Saved to /home/warproxxx/Desktop/Projects/Energy-Prediction/algorithm/models/tri_model_1_hours/LZ_NORTH/forwardtest/predicted.csv
Saved to /home/warproxxx/Desktop/Projects/Energy-Prediction/algorithm/models/tri_model_1_hours/LZ_NORTH/forwardtest/predicted.csv
Saved to /home/warproxxx/Desktop/Projects/Energy-Prediction/algorithm/models/tri_model_1_hours/LZ_NORTH/forwardtest/predicted.csv
Saved to /home/warproxxx/Desktop/Projects/Energy-Prediction/algorithm/models/tri_model_1_hours/LZ_NORTH/forwardtest/metrics.json
Saved to /home/warproxxx/Desktop/Projects/Energy-Prediction/algorithm/models/tri_model_1_hours/LZ_NORTH/forwardtest/metrics.json
Saved to /home/warproxxx/Desktop/Projects/Energy-Prediction/algorithm/models/tri_model_1_hours/LZ_NORTH/forwardtest/metrics.json
Saved to /home/warproxxx/Desktop/Projects/Energy-Prediction/algorithm/models/tri_model_1_hours/LZ_NORTH/forwardtest/metrics.json
Saved to /home/warproxxx/Desktop/Projects/Energy-Prediction/algorithm/models/tri_model_1_hours/LZ_NORTH/forwardtest/metrics.json
Saved to /home/warproxxx/Desktop/Projects/Energy-Prediction/algorithm/models/tri_model_1_hours/LZ_NORTH/forwardtest/metrics.json
Saved to /home/warproxxx/Desktop/Projects/Energy-Prediction/algorithm/models/tri_model_1_hours/LZ_NORTH/forwardtest/metrics.json
Read data.csv for forwardtest
Read data.csv for forwardtest
Read data.csv for forwardtest
Read data.csv for forwardtest
Read data.csv for forwardtest
Read data.csv for forwardtest
Read data.csv for forwardtest
Got data. The size of X is (253, 23, 1) and that of y is (253, 1)
Got data. The size of X is (253, 23, 1) and that of y is (253, 1)
Got data. The size of X is (253, 23, 1) and that of y is (253, 1)
Got data. The size of X is (253, 23, 1) and that of y is (253, 1)
Got data. The size of X is (253, 23, 1) and that of y is (253, 1)
Got data. The size of X is (253, 23, 1) and that of y is (253, 1)
Got data. The size of X is (253, 23, 1) and that of y is (253, 1)
Got data. The size of X is (253, 23, 1) and that of y is (253, 1)
Saved to /home/warproxxx/Desktop/Projects/Energy-Prediction/algorithm/models/tri_model_15_minute/HB_WEST/forwardtest/predicted.csv
Saved to /home/warproxxx/Desktop/Projects/Energy-Prediction/algorithm/models/tri_model_15_minute/HB_WEST/forwardtest/predicted.csv
Saved to /home/warproxxx/Desktop/Projects/Energy-Prediction/algorithm/models/tri_model_15_minute/HB_WEST/forwardtest/predicted.csv
Saved to /home/warproxxx/Desktop/Projects/Energy-Prediction/algorithm/models/tri_model_15_minute/HB_WEST/forwardtest/predicted.csv
Saved to /home/warproxxx/Desktop/Projects/Energy-Prediction/algorithm/models/tri_model_15_minute/HB_WEST/forwardtest/predicted.csv
Saved to /home/warproxxx/Desktop/Projects/Energy-Prediction/algorithm/models/tri_model_15_minute/HB_WEST/forwardtest/predicted.csv
Saved to /home/warproxxx/Desktop/Projects/Energy-Prediction/algorithm/models/tri_model_15_minute/HB_WEST/forwardtest/predicted.csv
Saved to /home/warproxxx/Desktop/Projects/Energy-Prediction/algorithm/models/tri_model_15_minute/HB_WEST/forwardtest/predicted.csv
Saved to /home/warproxxx/Desktop/Projects/Energy-Prediction/algorithm/models/tri_model_15_minute/HB_WEST/forwardtest/metrics.json
Saved to /home/warproxxx/Desktop/Projects/Energy-Prediction/algorithm/models/tri_model_15_minute/HB_WEST/forwardtest/metrics.json
Saved to /home/warproxxx/Desktop/Projects/Energy-Prediction/algorithm/models/tri_model_15_minute/HB_WEST/forwardtest/metrics.json
Saved to /home/warproxxx/Desktop/Projects/Energy-Prediction/algorithm/models/tri_model_15_minute/HB_WEST/forwardtest/metrics.json
Saved to /home/warproxxx/Desktop/Projects/Energy-Prediction/algorithm/models/tri_model_15_minute/HB_WEST/forwardtest/metrics.json
Saved to /home/warproxxx/Desktop/Projects/Energy-Prediction/algorithm/models/tri_model_15_minute/HB_WEST/forwardtest/metrics.json
Saved to /home/warproxxx/Desktop/Projects/Energy-Prediction/algorithm/models/tri_model_15_minute/HB_WEST/forwardtest/metrics.json
Saved to /home/warproxxx/Desktop/Projects/Energy-Prediction/algorithm/models/tri_model_15_minute/HB_WEST/forwardtest/metrics.json
Got data. The size of X is (46, 23, 1) and that of y is (46, 1)
Got data. The size of X is (46, 23, 1) and that of y is (46, 1)
Got data. The size of X is (46, 23, 1) and that of y is (46, 1)
Got data. The size of X is (46, 23, 1) and that of y is (46, 1)
Got data. The size of X is (46, 23, 1) and that of y is (46, 1)
Got data. The size of X is (46, 23, 1) and that of y is (46, 1)
Got data. The size of X is (46, 23, 1) and that of y is (46, 1)
Got data. The size of X is (46, 23, 1) and that of y is (46, 1)
Got data. The size of X is (46, 23, 1) and that of y is (46, 1)
Saved to /home/warproxxx/Desktop/Projects/Energy-Prediction/algorithm/models/tri_model_1_hours/HB_WEST/forwardtest/predicted.csv
Saved to /home/warproxxx/Desktop/Projects/Energy-Prediction/algorithm/models/tri_model_1_hours/HB_WEST/forwardtest/predicted.csv
Saved to /home/warproxxx/Desktop/Projects/Energy-Prediction/algorithm/models/tri_model_1_hours/HB_WEST/forwardtest/predicted.csv
Saved to /home/warproxxx/Desktop/Projects/Energy-Prediction/algorithm/models/tri_model_1_hours/HB_WEST/forwardtest/predicted.csv
Saved to /home/warproxxx/Desktop/Projects/Energy-Prediction/algorithm/models/tri_model_1_hours/HB_WEST/forwardtest/predicted.csv
Saved to /home/warproxxx/Desktop/Projects/Energy-Prediction/algorithm/models/tri_model_1_hours/HB_WEST/forwardtest/predicted.csv
Saved to /home/warproxxx/Desktop/Projects/Energy-Prediction/algorithm/models/tri_model_1_hours/HB_WEST/forwardtest/predicted.csv
Saved to /home/warproxxx/Desktop/Projects/Energy-Prediction/algorithm/models/tri_model_1_hours/HB_WEST/forwardtest/predicted.csv
Saved to /home/warproxxx/Desktop/Projects/Energy-Prediction/algorithm/models/tri_model_1_hours/HB_WEST/forwardtest/predicted.csv
Saved to /home/warproxxx/Desktop/Projects/Energy-Prediction/algorithm/models/tri_model_1_hours/HB_WEST/forwardtest/metrics.json
Saved to /home/warproxxx/Desktop/Projects/Energy-Prediction/algorithm/models/tri_model_1_hours/HB_WEST/forwardtest/metrics.json
Saved to /home/warproxxx/Desktop/Projects/Energy-Prediction/algorithm/models/tri_model_1_hours/HB_WEST/forwardtest/metrics.json
Saved to /home/warproxxx/Desktop/Projects/Energy-Prediction/algorithm/models/tri_model_1_hours/HB_WEST/forwardtest/metrics.json
Saved to /home/warproxxx/Desktop/Projects/Energy-Prediction/algorithm/models/tri_model_1_hours/HB_WEST/forwardtest/metrics.json
Saved to /home/warproxxx/Desktop/Projects/Energy-Prediction/algorithm/models/tri_model_1_hours/HB_WEST/forwardtest/metrics.json
Saved to /home/warproxxx/Desktop/Projects/Energy-Prediction/algorithm/models/tri_model_1_hours/HB_WEST/forwardtest/metrics.json
Saved to /home/warproxxx/Desktop/Projects/Energy-Prediction/algorithm/models/tri_model_1_hours/HB_WEST/forwardtest/metrics.json
Saved to /home/warproxxx/Desktop/Projects/Energy-Prediction/algorithm/models/tri_model_1_hours/HB_WEST/forwardtest/metrics.json
Read data.csv for forwardtest
Read data.csv for forwardtest
Read data.csv for forwardtest
Read data.csv for forwardtest
Read data.csv for forwardtest
Read data.csv for forwardtest
Read data.csv for forwardtest
Read data.csv for forwardtest
Read data.csv for forwardtest
Got data. The size of X is (253, 23, 1) and that of y is (253, 1)
Got data. The size of X is (253, 23, 1) and that of y is (253, 1)
Got data. The size of X is (253, 23, 1) and that of y is (253, 1)
Got data. The size of X is (253, 23, 1) and that of y is (253, 1)
Got data. The size of X is (253, 23, 1) and that of y is (253, 1)
Got data. The size of X is (253, 23, 1) and that of y is (253, 1)
Got data. The size of X is (253, 23, 1) and that of y is (253, 1)
Got data. The size of X is (253, 23, 1) and that of y is (253, 1)
Got data. The size of X is (253, 23, 1) and that of y is (253, 1)
Got data. The size of X is (253, 23, 1) and that of y is (253, 1)
Saved to /home/warproxxx/Desktop/Projects/Energy-Prediction/algorithm/models/tri_model_15_minute/LZ_SOUTH/forwardtest/predicted.csv
Saved to /home/warproxxx/Desktop/Projects/Energy-Prediction/algorithm/models/tri_model_15_minute/LZ_SOUTH/forwardtest/predicted.csv
Saved to /home/warproxxx/Desktop/Projects/Energy-Prediction/algorithm/models/tri_model_15_minute/LZ_SOUTH/forwardtest/predicted.csv
Saved to /home/warproxxx/Desktop/Projects/Energy-Prediction/algorithm/models/tri_model_15_minute/LZ_SOUTH/forwardtest/predicted.csv
Saved to /home/warproxxx/Desktop/Projects/Energy-Prediction/algorithm/models/tri_model_15_minute/LZ_SOUTH/forwardtest/predicted.csv
Saved to /home/warproxxx/Desktop/Projects/Energy-Prediction/algorithm/models/tri_model_15_minute/LZ_SOUTH/forwardtest/predicted.csv
Saved to /home/warproxxx/Desktop/Projects/Energy-Prediction/algorithm/models/tri_model_15_minute/LZ_SOUTH/forwardtest/predicted.csv
Saved to /home/warproxxx/Desktop/Projects/Energy-Prediction/algorithm/models/tri_model_15_minute/LZ_SOUTH/forwardtest/predicted.csv
Saved to /home/warproxxx/Desktop/Projects/Energy-Prediction/algorithm/models/tri_model_15_minute/LZ_SOUTH/forwardtest/predicted.csv
Saved to /home/warproxxx/Desktop/Projects/Energy-Prediction/algorithm/models/tri_model_15_minute/LZ_SOUTH/forwardtest/predicted.csv
Saved to /home/warproxxx/Desktop/Projects/Energy-Prediction/algorithm/models/tri_model_15_minute/LZ_SOUTH/forwardtest/metrics.json
Saved to /home/warproxxx/Desktop/Projects/Energy-Prediction/algorithm/models/tri_model_15_minute/LZ_SOUTH/forwardtest/metrics.json
Saved to /home/warproxxx/Desktop/Projects/Energy-Prediction/algorithm/models/tri_model_15_minute/LZ_SOUTH/forwardtest/metrics.json
Saved to /home/warproxxx/Desktop/Projects/Energy-Prediction/algorithm/models/tri_model_15_minute/LZ_SOUTH/forwardtest/metrics.json
Saved to /home/warproxxx/Desktop/Projects/Energy-Prediction/algorithm/models/tri_model_15_minute/LZ_SOUTH/forwardtest/metrics.json
Saved to /home/warproxxx/Desktop/Projects/Energy-Prediction/algorithm/models/tri_model_15_minute/LZ_SOUTH/forwardtest/metrics.json
Saved to /home/warproxxx/Desktop/Projects/Energy-Prediction/algorithm/models/tri_model_15_minute/LZ_SOUTH/forwardtest/metrics.json
Saved to /home/warproxxx/Desktop/Projects/Energy-Prediction/algorithm/models/tri_model_15_minute/LZ_SOUTH/forwardtest/metrics.json
Saved to /home/warproxxx/Desktop/Projects/Energy-Prediction/algorithm/models/tri_model_15_minute/LZ_SOUTH/forwardtest/metrics.json
Saved to /home/warproxxx/Desktop/Projects/Energy-Prediction/algorithm/models/tri_model_15_minute/LZ_SOUTH/forwardtest/metrics.json
Got data. The size of X is (46, 23, 1) and that of y is (46, 1)
Got data. The size of X is (46, 23, 1) and that of y is (46, 1)
Got data. The size of X is (46, 23, 1) and that of y is (46, 1)
Got data. The size of X is (46, 23, 1) and that of y is (46, 1)
Got data. The size of X is (46, 23, 1) and that of y is (46, 1)
Got data. The size of X is (46, 23, 1) and that of y is (46, 1)
Got data. The size of X is (46, 23, 1) and that of y is (46, 1)
Got data. The size of X is (46, 23, 1) and that of y is (46, 1)
Got data. The size of X is (46, 23, 1) and that of y is (46, 1)
Got data. The size of X is (46, 23, 1) and that of y is (46, 1)
Got data. The size of X is (46, 23, 1) and that of y is (46, 1)
Saved to /home/warproxxx/Desktop/Projects/Energy-Prediction/algorithm/models/tri_model_1_hours/LZ_SOUTH/forwardtest/predicted.csv
Saved to /home/warproxxx/Desktop/Projects/Energy-Prediction/algorithm/models/tri_model_1_hours/LZ_SOUTH/forwardtest/predicted.csv
Saved to /home/warproxxx/Desktop/Projects/Energy-Prediction/algorithm/models/tri_model_1_hours/LZ_SOUTH/forwardtest/predicted.csv
Saved to /home/warproxxx/Desktop/Projects/Energy-Prediction/algorithm/models/tri_model_1_hours/LZ_SOUTH/forwardtest/predicted.csv
Saved to /home/warproxxx/Desktop/Projects/Energy-Prediction/algorithm/models/tri_model_1_hours/LZ_SOUTH/forwardtest/predicted.csv
Saved to /home/warproxxx/Desktop/Projects/Energy-Prediction/algorithm/models/tri_model_1_hours/LZ_SOUTH/forwardtest/predicted.csv
Saved to /home/warproxxx/Desktop/Projects/Energy-Prediction/algorithm/models/tri_model_1_hours/LZ_SOUTH/forwardtest/predicted.csv
Saved to /home/warproxxx/Desktop/Projects/Energy-Prediction/algorithm/models/tri_model_1_hours/LZ_SOUTH/forwardtest/predicted.csv
Saved to /home/warproxxx/Desktop/Projects/Energy-Prediction/algorithm/models/tri_model_1_hours/LZ_SOUTH/forwardtest/predicted.csv
Saved to /home/warproxxx/Desktop/Projects/Energy-Prediction/algorithm/models/tri_model_1_hours/LZ_SOUTH/forwardtest/predicted.csv
Saved to /home/warproxxx/Desktop/Projects/Energy-Prediction/algorithm/models/tri_model_1_hours/LZ_SOUTH/forwardtest/predicted.csv
Saved to /home/warproxxx/Desktop/Projects/Energy-Prediction/algorithm/models/tri_model_1_hours/LZ_SOUTH/forwardtest/metrics.json
Saved to /home/warproxxx/Desktop/Projects/Energy-Prediction/algorithm/models/tri_model_1_hours/LZ_SOUTH/forwardtest/metrics.json
Saved to /home/warproxxx/Desktop/Projects/Energy-Prediction/algorithm/models/tri_model_1_hours/LZ_SOUTH/forwardtest/metrics.json
Saved to /home/warproxxx/Desktop/Projects/Energy-Prediction/algorithm/models/tri_model_1_hours/LZ_SOUTH/forwardtest/metrics.json
Saved to /home/warproxxx/Desktop/Projects/Energy-Prediction/algorithm/models/tri_model_1_hours/LZ_SOUTH/forwardtest/metrics.json
Saved to /home/warproxxx/Desktop/Projects/Energy-Prediction/algorithm/models/tri_model_1_hours/LZ_SOUTH/forwardtest/metrics.json
Saved to /home/warproxxx/Desktop/Projects/Energy-Prediction/algorithm/models/tri_model_1_hours/LZ_SOUTH/forwardtest/metrics.json
Saved to /home/warproxxx/Desktop/Projects/Energy-Prediction/algorithm/models/tri_model_1_hours/LZ_SOUTH/forwardtest/metrics.json
Saved to /home/warproxxx/Desktop/Projects/Energy-Prediction/algorithm/models/tri_model_1_hours/LZ_SOUTH/forwardtest/metrics.json
Saved to /home/warproxxx/Desktop/Projects/Energy-Prediction/algorithm/models/tri_model_1_hours/LZ_SOUTH/forwardtest/metrics.json
Saved to /home/warproxxx/Desktop/Projects/Energy-Prediction/algorithm/models/tri_model_1_hours/LZ_SOUTH/forwardtest/metrics.json
Read data/processed/LZ_RAYBN/backtest/data.csv for backtest
Read data/processed/LZ_RAYBN/backtest/data.csv for backtest
Read data/processed/LZ_RAYBN/backtest/data.csv for backtest
Read data/processed/LZ_RAYBN/backtest/data.csv for backtest
Read data/processed/LZ_RAYBN/backtest/data.csv for backtest
Read data/processed/LZ_RAYBN/backtest/data.csv for backtest
Read data/processed/LZ_RAYBN/backtest/data.csv for backtest
Read data/processed/LZ_RAYBN/backtest/data.csv for backtest
Read data/processed/LZ_RAYBN/backtest/data.csv for backtest
Read data/processed/LZ_RAYBN/backtest/data.csv for backtest
Read data/processed/LZ_RAYBN/backtest/data.csv for backtest
Got data. The size of X is (271004, 23, 1) and that of y is (271004, 1)
Got data. The size of X is (271004, 23, 1) and that of y is (271004, 1)
Got data. The size of X is (271004, 23, 1) and that of y is (271004, 1)
Got data. The size of X is (271004, 23, 1) and that of y is (271004, 1)
Got data. The size of X is (271004, 23, 1) and that of y is (271004, 1)
Got data. The size of X is (271004, 23, 1) and that of y is (271004, 1)
Got data. The size of X is (271004, 23, 1) and that of y is (271004, 1)
Got data. The size of X is (271004, 23, 1) and that of y is (271004, 1)
Got data. The size of X is (271004, 23, 1) and that of y is (271004, 1)
Got data. The size of X is (271004, 23, 1) and that of y is (271004, 1)
Got data. The size of X is (271004, 23, 1) and that of y is (271004, 1)
Got data. The size of X is (271004, 23, 1) and that of y is (271004, 1)
Train X: (243904, 23, 1) Train Y: (243904, 1) Test X: (27100, 23, 1) Test Y: (27100, 1). Now training
Train X: (243904, 23, 1) Train Y: (243904, 1) Test X: (27100, 23, 1) Test Y: (27100, 1). Now training
Train X: (243904, 23, 1) Train Y: (243904, 1) Test X: (27100, 23, 1) Test Y: (27100, 1). Now training
Train X: (243904, 23, 1) Train Y: (243904, 1) Test X: (27100, 23, 1) Test Y: (27100, 1). Now training
Train X: (243904, 23, 1) Train Y: (243904, 1) Test X: (27100, 23, 1) Test Y: (27100, 1). Now training
Train X: (243904, 23, 1) Train Y: (243904, 1) Test X: (27100, 23, 1) Test Y: (27100, 1). Now training
Train X: (243904, 23, 1) Train Y: (243904, 1) Test X: (27100, 23, 1) Test Y: (27100, 1). Now training
Train X: (243904, 23, 1) Train Y: (243904, 1) Test X: (27100, 23, 1) Test Y: (27100, 1). Now training
Train X: (243904, 23, 1) Train Y: (243904, 1) Test X: (27100, 23, 1) Test Y: (27100, 1). Now training
Train X: (243904, 23, 1) Train Y: (243904, 1) Test X: (27100, 23, 1) Test Y: (27100, 1). Now training
Train X: (243904, 23, 1) Train Y: (243904, 1) Test X: (27100, 23, 1) Test Y: (27100, 1). Now training
Train X: (243904, 23, 1) Train Y: (243904, 1) Test X: (27100, 23, 1) Test Y: (27100, 1). Now training
