2018-08-23 06:56:48.267095: I tensorflow/core/platform/cpu_feature_guard.cc:141] Your CPU supports instructions that this TensorFlow binary was not compiled to use: AVX2 FMA
2018-08-23 06:56:48.512938: I tensorflow/stream_executor/cuda/cuda_gpu_executor.cc:897] successful NUMA node read from SysFS had negative value (-1), but there must be at least one NUMA node, so returning NUMA node zero
2018-08-23 06:56:48.513659: I tensorflow/core/common_runtime/gpu/gpu_device.cc:1405] Found device 0 with properties: 
name: Tesla K80 major: 3 minor: 7 memoryClockRate(GHz): 0.8235
pciBusID: 0000:00:04.0
totalMemory: 11.17GiB freeMemory: 11.09GiB
2018-08-23 06:56:48.596984: I tensorflow/stream_executor/cuda/cuda_gpu_executor.cc:897] successful NUMA node read from SysFS had negative value (-1), but there must be at least one NUMA node, so returning NUMA node zero
2018-08-23 06:56:48.597720: I tensorflow/core/common_runtime/gpu/gpu_device.cc:1405] Found device 1 with properties: 
name: Tesla K80 major: 3 minor: 7 memoryClockRate(GHz): 0.8235
pciBusID: 0000:00:05.0
totalMemory: 11.17GiB freeMemory: 11.10GiB
2018-08-23 06:56:48.683291: I tensorflow/stream_executor/cuda/cuda_gpu_executor.cc:897] successful NUMA node read from SysFS had negative value (-1), but there must be at least one NUMA node, so returning NUMA node zero
2018-08-23 06:56:48.684031: I tensorflow/core/common_runtime/gpu/gpu_device.cc:1405] Found device 2 with properties: 
name: Tesla K80 major: 3 minor: 7 memoryClockRate(GHz): 0.8235
pciBusID: 0000:00:06.0
totalMemory: 11.17GiB freeMemory: 11.10GiB
2018-08-23 06:56:48.773125: I tensorflow/stream_executor/cuda/cuda_gpu_executor.cc:897] successful NUMA node read from SysFS had negative value (-1), but there must be at least one NUMA node, so returning NUMA node zero
2018-08-23 06:56:48.773812: I tensorflow/core/common_runtime/gpu/gpu_device.cc:1405] Found device 3 with properties: 
name: Tesla K80 major: 3 minor: 7 memoryClockRate(GHz): 0.8235
pciBusID: 0000:00:07.0
totalMemory: 11.17GiB freeMemory: 11.10GiB
2018-08-23 06:56:48.775089: I tensorflow/core/common_runtime/gpu/gpu_device.cc:1484] Adding visible gpu devices: 0, 1, 2, 3
2018-08-23 06:56:50.032269: I tensorflow/core/common_runtime/gpu/gpu_device.cc:965] Device interconnect StreamExecutor with strength 1 edge matrix:
2018-08-23 06:56:50.032317: I tensorflow/core/common_runtime/gpu/gpu_device.cc:971]      0 1 2 3 
2018-08-23 06:56:50.032327: I tensorflow/core/common_runtime/gpu/gpu_device.cc:984] 0:   N Y Y Y 
2018-08-23 06:56:50.032333: I tensorflow/core/common_runtime/gpu/gpu_device.cc:984] 1:   Y N Y Y 
2018-08-23 06:56:50.032339: I tensorflow/core/common_runtime/gpu/gpu_device.cc:984] 2:   Y Y N Y 
2018-08-23 06:56:50.032345: I tensorflow/core/common_runtime/gpu/gpu_device.cc:984] 3:   Y Y Y N 
2018-08-23 06:56:50.033337: I tensorflow/core/common_runtime/gpu/gpu_device.cc:1097] Created TensorFlow device (/job:localhost/replica:0/task:0/device:GPU:0 with 10742 MB memory) -> physical GPU (device: 0, name: Tesla K80, pci bus id: 0000:00:04.0, compute capability: 3.7)
2018-08-23 06:56:50.235145: I tensorflow/core/common_runtime/gpu/gpu_device.cc:1097] Created TensorFlow device (/job:localhost/replica:0/task:0/device:GPU:1 with 10757 MB memory) -> physical GPU (device: 1, name: Tesla K80, pci bus id: 0000:00:05.0, compute capability: 3.7)
2018-08-23 06:56:50.436563: I tensorflow/core/common_runtime/gpu/gpu_device.cc:1097] Created TensorFlow device (/job:localhost/replica:0/task:0/device:GPU:2 with 10757 MB memory) -> physical GPU (device: 2, name: Tesla K80, pci bus id: 0000:00:06.0, compute capability: 3.7)
2018-08-23 06:56:50.639097: I tensorflow/core/common_runtime/gpu/gpu_device.cc:1097] Created TensorFlow device (/job:localhost/replica:0/task:0/device:GPU:3 with 10757 MB memory) -> physical GPU (device: 3, name: Tesla K80, pci bus id: 0000:00:07.0, compute capability: 3.7)
Train on 231567 samples, validate on 12188 samples
Epoch 1/50
 - 39s - loss: 5956.6636 - val_loss: 4117.0882
Epoch 2/50
 - 34s - loss: 5647.6503 - val_loss: 4004.3818
